[2018-02-17 02:35:15]     INFO --- CIK=0000051143(PART_1_FINAL.py:90)
[2018-02-17 02:35:15]     INFO --- Accession_number=0000051143-13-000007(PART_1_FINAL.py:91)
[2018-02-17 02:35:15]     INFO --- Access_key=AKIAJ6O55CSFDFNX52CA(PART_1_FINAL.py:92)
[2018-02-17 02:35:15]     INFO --- Secret_key=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(PART_1_FINAL.py:93)
[2018-02-17 02:35:15]     INFO --- Input_location=us-east-1(PART_1_FINAL.py:94)
[2018-02-17 02:35:15]     INFO --- https://www.sec.gov/Archives/edgar/data/51143/000005114313000007/0000051143-13-000007-index.html(PART_1_FINAL.py:103)
[2018-02-17 02:35:15]     INFO --- Url request is successful(PART_1_FINAL.py:108)
[2018-02-17 02:35:19]     INFO --- 10-q form request is successful(PART_1_FINAL.py:142)
[2018-02-17 02:35:28]     INFO --- Table extraction started(PART_1_FINAL.py:146)
[2018-02-17 02:35:29]     INFO --- Table has been extracted in csv format(PART_1_FINAL.py:189)
[2018-02-17 02:35:29]     INFO --- Table has been extracted in csv format(PART_1_FINAL.py:189)
[2018-02-17 02:35:29]     INFO --- Table has been extracted in csv format(PART_1_FINAL.py:189)
[2018-02-17 02:35:29]     INFO --- Table has been extracted in csv format(PART_1_FINAL.py:189)
[2018-02-17 02:35:29]     INFO --- Table has been extracted in csv format(PART_1_FINAL.py:189)
[2018-02-17 02:35:29]     INFO --- Table has been extracted in csv format(PART_1_FINAL.py:189)
[2018-02-17 02:35:29]     INFO --- Table has been extracted in csv format(PART_1_FINAL.py:189)
[2018-02-17 02:35:29]     INFO --- Table has been extracted in csv format(PART_1_FINAL.py:189)
[2018-02-17 02:35:29]     INFO --- Table has been extracted in csv format(PART_1_FINAL.py:189)
[2018-02-17 02:35:29]     INFO --- Table has been extracted in csv format(PART_1_FINAL.py:189)
[2018-02-17 02:35:29]     INFO --- Table has been extracted in csv format(PART_1_FINAL.py:189)
[2018-02-17 02:35:29]     INFO --- Table has been extracted in csv format(PART_1_FINAL.py:189)
[2018-02-17 02:35:29]     INFO --- Table has been extracted in csv format(PART_1_FINAL.py:189)
[2018-02-17 02:35:29]     INFO --- Table has been extracted in csv format(PART_1_FINAL.py:189)
[2018-02-17 02:35:29]     INFO --- Table has been extracted in csv format(PART_1_FINAL.py:189)
[2018-02-17 02:35:29]     INFO --- Table has been extracted in csv format(PART_1_FINAL.py:189)
[2018-02-17 02:35:29]     INFO --- Table has been extracted in csv format(PART_1_FINAL.py:189)
[2018-02-17 02:35:29]     INFO --- Table has been extracted in csv format(PART_1_FINAL.py:189)
[2018-02-17 02:35:29]     INFO --- Table has been extracted in csv format(PART_1_FINAL.py:189)
[2018-02-17 02:35:29]     INFO --- Table has been extracted in csv format(PART_1_FINAL.py:189)
[2018-02-17 02:35:29]     INFO --- Table has been extracted in csv format(PART_1_FINAL.py:189)
[2018-02-17 02:35:30]     INFO --- Table has been extracted in csv format(PART_1_FINAL.py:189)
[2018-02-17 02:35:30]     INFO --- Table has been extracted in csv format(PART_1_FINAL.py:189)
[2018-02-17 02:35:30]     INFO --- Table has been extracted in csv format(PART_1_FINAL.py:189)
[2018-02-17 02:35:30]     INFO --- Table has been extracted in csv format(PART_1_FINAL.py:189)
[2018-02-17 02:35:30]     INFO --- Table has been extracted in csv format(PART_1_FINAL.py:189)
[2018-02-17 02:35:30]     INFO --- Table has been extracted in csv format(PART_1_FINAL.py:189)
[2018-02-17 02:35:30]     INFO --- Table has been extracted in csv format(PART_1_FINAL.py:189)
[2018-02-17 02:35:30]     INFO --- Table has been extracted in csv format(PART_1_FINAL.py:189)
[2018-02-17 02:35:30]     INFO --- Table has been extracted in csv format(PART_1_FINAL.py:189)
[2018-02-17 02:35:30]     INFO --- Table has been extracted in csv format(PART_1_FINAL.py:189)
[2018-02-17 02:35:30]     INFO --- Table has been extracted in csv format(PART_1_FINAL.py:189)
[2018-02-17 02:35:30]     INFO --- Table has been extracted in csv format(PART_1_FINAL.py:189)
[2018-02-17 02:35:30]     INFO --- Table has been extracted in csv format(PART_1_FINAL.py:189)
[2018-02-17 02:35:30]     INFO --- Table has been extracted in csv format(PART_1_FINAL.py:189)
[2018-02-17 02:35:30]     INFO --- Table has been extracted in csv format(PART_1_FINAL.py:189)
[2018-02-17 02:35:30]     INFO --- Table has been extracted in csv format(PART_1_FINAL.py:189)
[2018-02-17 02:35:30]     INFO --- Table has been extracted in csv format(PART_1_FINAL.py:189)
[2018-02-17 02:35:30]     INFO --- Table has been extracted in csv format(PART_1_FINAL.py:189)
[2018-02-17 02:35:30]     INFO --- Table has been extracted in csv format(PART_1_FINAL.py:189)
[2018-02-17 02:35:30]     INFO --- Table has been extracted in csv format(PART_1_FINAL.py:189)
[2018-02-17 02:35:30]     INFO --- Table has been extracted in csv format(PART_1_FINAL.py:189)
[2018-02-17 02:35:30]     INFO --- Table has been extracted in csv format(PART_1_FINAL.py:189)
[2018-02-17 02:35:30]     INFO --- Table has been extracted in csv format(PART_1_FINAL.py:189)
[2018-02-17 02:35:30]     INFO --- Table has been extracted in csv format(PART_1_FINAL.py:189)
[2018-02-17 02:35:30]     INFO --- Table has been extracted in csv format(PART_1_FINAL.py:189)
[2018-02-17 02:35:30]     INFO --- Table has been extracted in csv format(PART_1_FINAL.py:189)
[2018-02-17 02:35:30]     INFO --- Table has been extracted in csv format(PART_1_FINAL.py:189)
[2018-02-17 02:35:30]     INFO --- Table has been extracted in csv format(PART_1_FINAL.py:189)
[2018-02-17 02:35:30]     INFO --- Table has been extracted in csv format(PART_1_FINAL.py:189)
[2018-02-17 02:35:30]     INFO --- Table has been extracted in csv format(PART_1_FINAL.py:189)
[2018-02-17 02:35:30]     INFO --- Table has been extracted in csv format(PART_1_FINAL.py:189)
[2018-02-17 02:35:30]     INFO --- Table has been extracted in csv format(PART_1_FINAL.py:189)
[2018-02-17 02:35:30]     INFO --- Table has been extracted in csv format(PART_1_FINAL.py:189)
[2018-02-17 02:35:30]     INFO --- Table has been extracted in csv format(PART_1_FINAL.py:189)
[2018-02-17 02:35:30]     INFO --- Table has been extracted in csv format(PART_1_FINAL.py:189)
[2018-02-17 02:35:30]     INFO --- Table has been extracted in csv format(PART_1_FINAL.py:189)
[2018-02-17 02:35:30]     INFO --- Table has been extracted in csv format(PART_1_FINAL.py:189)
[2018-02-17 02:35:30]     INFO --- Table has been extracted in csv format(PART_1_FINAL.py:189)
[2018-02-17 02:35:30]     INFO --- Table has been extracted in csv format(PART_1_FINAL.py:189)
[2018-02-17 02:35:30]     INFO --- Table has been extracted in csv format(PART_1_FINAL.py:189)
[2018-02-17 02:35:30]     INFO --- Table has been extracted in csv format(PART_1_FINAL.py:189)
[2018-02-17 02:35:30]     INFO --- Table has been extracted in csv format(PART_1_FINAL.py:189)
[2018-02-17 02:35:30]     INFO --- Table has been extracted in csv format(PART_1_FINAL.py:189)
[2018-02-17 02:35:30]     INFO --- Table has been extracted in csv format(PART_1_FINAL.py:189)
[2018-02-17 02:35:30]     INFO --- Table has been extracted in csv format(PART_1_FINAL.py:189)
[2018-02-17 02:35:30]     INFO --- Table has been extracted in csv format(PART_1_FINAL.py:189)
[2018-02-17 02:35:31]     INFO --- Table has been extracted in csv format(PART_1_FINAL.py:189)
[2018-02-17 02:35:31]     INFO --- Table has been extracted in csv format(PART_1_FINAL.py:189)
[2018-02-17 02:35:31]     INFO --- Table has been extracted in csv format(PART_1_FINAL.py:189)
[2018-02-17 02:35:31]     INFO --- Table has been extracted in csv format(PART_1_FINAL.py:189)
[2018-02-17 02:35:31]     INFO --- Table has been extracted in csv format(PART_1_FINAL.py:189)
[2018-02-17 02:35:31]     INFO --- Table has been extracted in csv format(PART_1_FINAL.py:189)
[2018-02-17 02:35:31]     INFO --- Table has been extracted in csv format(PART_1_FINAL.py:189)
[2018-02-17 02:35:31]     INFO --- Table has been extracted in csv format(PART_1_FINAL.py:189)
[2018-02-17 02:35:31]     INFO --- Table has been extracted in csv format(PART_1_FINAL.py:189)
[2018-02-17 02:35:31]     INFO --- Table has been extracted in csv format(PART_1_FINAL.py:189)
[2018-02-17 02:35:31]     INFO --- Table has been extracted in csv format(PART_1_FINAL.py:189)
[2018-02-17 02:35:31]     INFO --- Table has been extracted in csv format(PART_1_FINAL.py:189)
[2018-02-17 02:35:31]     INFO --- Table has been extracted in csv format(PART_1_FINAL.py:189)
[2018-02-17 02:35:31]     INFO --- Table has been extracted in csv format(PART_1_FINAL.py:189)
[2018-02-17 02:35:31]     INFO --- Table has been extracted in csv format(PART_1_FINAL.py:189)
[2018-02-17 02:35:31]     INFO --- Table has been extracted in csv format(PART_1_FINAL.py:189)
[2018-02-17 02:35:31]     INFO --- Table has been extracted in csv format(PART_1_FINAL.py:189)
[2018-02-17 02:35:31]     INFO --- Table has been extracted in csv format(PART_1_FINAL.py:189)
[2018-02-17 02:35:31]     INFO --- Table has been extracted in csv format(PART_1_FINAL.py:189)
[2018-02-17 02:35:31]     INFO --- Table has been extracted in csv format(PART_1_FINAL.py:189)
[2018-02-17 02:35:31]     INFO --- Table has been extracted in csv format(PART_1_FINAL.py:189)
[2018-02-17 02:35:31]     INFO --- Table has been extracted in csv format(PART_1_FINAL.py:189)
[2018-02-17 02:35:31]     INFO --- Table has been extracted in csv format(PART_1_FINAL.py:189)
[2018-02-17 02:35:31]     INFO --- Table has been extracted in csv format(PART_1_FINAL.py:189)
[2018-02-17 02:35:31]     INFO --- Table has been extracted in csv format(PART_1_FINAL.py:189)
[2018-02-17 02:35:31]     INFO --- Table has been extracted in csv format(PART_1_FINAL.py:189)
[2018-02-17 02:35:31]     INFO --- Table has been extracted in csv format(PART_1_FINAL.py:189)
[2018-02-17 02:35:31]     INFO --- Table has been extracted in csv format(PART_1_FINAL.py:189)
[2018-02-17 02:35:31]     INFO --- Table has been extracted in csv format(PART_1_FINAL.py:189)
[2018-02-17 02:35:31]     INFO --- Table has been extracted in csv format(PART_1_FINAL.py:189)
[2018-02-17 02:35:31]     INFO --- Table has been extracted in csv format(PART_1_FINAL.py:189)
[2018-02-17 02:35:31]     INFO --- Table has been extracted in csv format(PART_1_FINAL.py:189)
[2018-02-17 02:35:31]     INFO --- Table has been extracted in csv format(PART_1_FINAL.py:189)
[2018-02-17 02:35:31]     INFO --- Table has been extracted in csv format(PART_1_FINAL.py:189)
[2018-02-17 02:35:31]     INFO --- Table has been extracted in csv format(PART_1_FINAL.py:189)
[2018-02-17 02:35:31]     INFO --- Table has been extracted in csv format(PART_1_FINAL.py:189)
[2018-02-17 02:35:31]     INFO --- Table has been extracted in csv format(PART_1_FINAL.py:189)
[2018-02-17 02:35:31]     INFO --- Table has been extracted in csv format(PART_1_FINAL.py:189)
[2018-02-17 02:35:31]     INFO --- Table has been extracted in csv format(PART_1_FINAL.py:189)
[2018-02-17 02:35:31]     INFO --- Table has been extracted in csv format(PART_1_FINAL.py:189)
[2018-02-17 02:35:31]     INFO --- Table has been extracted in csv format(PART_1_FINAL.py:189)
[2018-02-17 02:35:31]     INFO --- Table has been extracted in csv format(PART_1_FINAL.py:189)
[2018-02-17 02:35:31]     INFO --- Table has been extracted in csv format(PART_1_FINAL.py:189)
[2018-02-17 02:35:31]     INFO --- Table has been extracted in csv format(PART_1_FINAL.py:189)
[2018-02-17 02:35:31]     INFO --- Table has been extracted in csv format(PART_1_FINAL.py:189)
[2018-02-17 02:35:31]     INFO --- Table has been extracted in csv format(PART_1_FINAL.py:189)
[2018-02-17 02:35:31]     INFO --- Table has been extracted in csv format(PART_1_FINAL.py:189)
[2018-02-17 02:35:31]     INFO --- Table has been extracted in csv format(PART_1_FINAL.py:189)
[2018-02-17 02:35:31]     INFO --- Table has been extracted in csv format(PART_1_FINAL.py:189)
[2018-02-17 02:35:31]     INFO --- Table has been extracted in csv format(PART_1_FINAL.py:189)
[2018-02-17 02:35:31]     INFO --- Table has been extracted in csv format(PART_1_FINAL.py:189)
[2018-02-17 02:35:31]     INFO --- Table has been extracted in csv format(PART_1_FINAL.py:189)
[2018-02-17 02:35:31]     INFO --- Table has been extracted in csv format(PART_1_FINAL.py:189)
[2018-02-17 02:35:31]     INFO --- Table has been extracted in csv format(PART_1_FINAL.py:189)
[2018-02-17 02:35:31]     INFO --- Table has been extracted in csv format(PART_1_FINAL.py:189)
[2018-02-17 02:35:31]     INFO --- Table has been extracted in csv format(PART_1_FINAL.py:189)
[2018-02-17 02:35:31]     INFO --- Table has been extracted in csv format(PART_1_FINAL.py:189)
[2018-02-17 02:35:31]     INFO --- Table has been extracted in csv format(PART_1_FINAL.py:189)
[2018-02-17 02:35:32]     INFO --- Table has been extracted in csv format(PART_1_FINAL.py:189)
[2018-02-17 02:35:32]     INFO --- Table has been extracted in csv format(PART_1_FINAL.py:189)
[2018-02-17 02:35:32]     INFO --- Table has been extracted in csv format(PART_1_FINAL.py:189)
[2018-02-17 02:35:32]     INFO --- Table has been extracted in csv format(PART_1_FINAL.py:189)
[2018-02-17 02:35:32]     INFO --- Table has been extracted in csv format(PART_1_FINAL.py:189)
[2018-02-17 02:35:32]     INFO --- Table has been extracted in csv format(PART_1_FINAL.py:189)
[2018-02-17 02:35:32]     INFO --- Table has been extracted in csv format(PART_1_FINAL.py:189)
[2018-02-17 02:35:32]     INFO --- Table has been extracted in csv format(PART_1_FINAL.py:189)
[2018-02-17 02:35:32]     INFO --- Table has been extracted in csv format(PART_1_FINAL.py:189)
[2018-02-17 02:35:32]     INFO --- Table has been extracted in csv format(PART_1_FINAL.py:189)
[2018-02-17 02:35:32]     INFO --- Table has been extracted in csv format(PART_1_FINAL.py:189)
[2018-02-17 02:35:32]     INFO --- Table has been extracted in csv format(PART_1_FINAL.py:189)
[2018-02-17 02:35:32]     INFO --- Table has been extracted in csv format(PART_1_FINAL.py:189)
[2018-02-17 02:35:32]     INFO --- Table has been extracted in csv format(PART_1_FINAL.py:189)
[2018-02-17 02:35:32]     INFO --- Table has been extracted in csv format(PART_1_FINAL.py:189)
[2018-02-17 02:35:32]     INFO --- Table has been extracted in csv format(PART_1_FINAL.py:189)
[2018-02-17 02:35:32]     INFO --- Table has been extracted in csv format(PART_1_FINAL.py:189)
[2018-02-17 02:35:32]     INFO --- Table has been extracted in csv format(PART_1_FINAL.py:189)
[2018-02-17 02:35:32]     INFO --- Table has been extracted in csv format(PART_1_FINAL.py:189)
[2018-02-17 02:35:32]     INFO --- Table has been extracted in csv format(PART_1_FINAL.py:189)
[2018-02-17 02:35:32]     INFO --- Table has been extracted in csv format(PART_1_FINAL.py:189)
[2018-02-17 02:35:32]     INFO --- Table has been extracted in csv format(PART_1_FINAL.py:189)
[2018-02-17 02:35:32]     INFO --- Table has been extracted in csv format(PART_1_FINAL.py:189)
[2018-02-17 02:35:32]     INFO --- Table has been extracted in csv format(PART_1_FINAL.py:189)
[2018-02-17 02:35:32]     INFO --- Table has been extracted in csv format(PART_1_FINAL.py:189)
[2018-02-17 02:35:32]     INFO --- Table has been extracted in csv format(PART_1_FINAL.py:189)
[2018-02-17 02:35:32]     INFO --- Table has been extracted in csv format(PART_1_FINAL.py:189)
[2018-02-17 02:35:32]     INFO --- Table has been extracted in csv format(PART_1_FINAL.py:189)
[2018-02-17 02:35:32]     INFO --- Table has been extracted in csv format(PART_1_FINAL.py:189)
[2018-02-17 02:35:32]     INFO --- Table has been extracted in csv format(PART_1_FINAL.py:189)
[2018-02-17 02:35:32]     INFO --- Table has been extracted in csv format(PART_1_FINAL.py:189)
[2018-02-17 02:35:32]     INFO --- Table has been extracted in csv format(PART_1_FINAL.py:189)
[2018-02-17 02:35:33]     INFO --- Table has been extracted in csv format(PART_1_FINAL.py:189)
[2018-02-17 02:35:33]     INFO --- Table has been extracted in csv format(PART_1_FINAL.py:189)
[2018-02-17 02:35:33]     INFO --- Table has been extracted in csv format(PART_1_FINAL.py:189)
[2018-02-17 02:35:33]     INFO --- Table has been extracted in csv format(PART_1_FINAL.py:189)
[2018-02-17 02:35:33]     INFO --- Table has been extracted in csv format(PART_1_FINAL.py:189)
[2018-02-17 02:35:33]     INFO --- Table has been extracted in csv format(PART_1_FINAL.py:189)
[2018-02-17 02:35:33]     INFO --- Table has been extracted in csv format(PART_1_FINAL.py:189)
[2018-02-17 02:35:33]     INFO --- Table has been extracted in csv format(PART_1_FINAL.py:189)
[2018-02-17 02:35:33]     INFO --- Table has been extracted in csv format(PART_1_FINAL.py:189)
[2018-02-17 02:35:33]     INFO --- Table has been extracted in csv format(PART_1_FINAL.py:189)
[2018-02-17 02:35:33]     INFO --- Table has been extracted in csv format(PART_1_FINAL.py:189)
[2018-02-17 02:35:33]     INFO --- Table has been extracted in csv format(PART_1_FINAL.py:189)
[2018-02-17 02:35:33]     INFO --- Table has been extracted in csv format(PART_1_FINAL.py:189)
[2018-02-17 02:35:33]     INFO --- Table has been extracted in csv format(PART_1_FINAL.py:189)
[2018-02-17 02:35:33]     INFO --- Table has been extracted in csv format(PART_1_FINAL.py:189)
[2018-02-17 02:35:33]     INFO --- Table has been extracted in csv format(PART_1_FINAL.py:189)
[2018-02-17 02:35:33]     INFO --- Table has been extracted in csv format(PART_1_FINAL.py:189)
[2018-02-17 02:35:33]     INFO --- Table has been extracted in csv format(PART_1_FINAL.py:189)
[2018-02-17 02:35:33]     INFO --- Table has been extracted in csv format(PART_1_FINAL.py:189)
[2018-02-17 02:35:33]     INFO --- Table has been extracted in csv format(PART_1_FINAL.py:189)
[2018-02-17 02:35:33]     INFO --- Table has been extracted in csv format(PART_1_FINAL.py:189)
[2018-02-17 02:35:33]     INFO --- Table has been extracted in csv format(PART_1_FINAL.py:189)
[2018-02-17 02:35:33]     INFO --- Table has been extracted in csv format(PART_1_FINAL.py:189)
[2018-02-17 02:35:33]     INFO --- Table has been extracted in csv format(PART_1_FINAL.py:189)
[2018-02-17 02:35:33]     INFO --- Table has been extracted in csv format(PART_1_FINAL.py:189)
[2018-02-17 02:35:33]     INFO --- Table has been extracted in csv format(PART_1_FINAL.py:189)
[2018-02-17 02:35:33]     INFO --- Table has been extracted in csv format(PART_1_FINAL.py:189)
[2018-02-17 02:35:33]     INFO --- Table has been extracted in csv format(PART_1_FINAL.py:189)
[2018-02-17 02:35:33]     INFO --- Table has been extracted in csv format(PART_1_FINAL.py:189)
[2018-02-17 02:35:33]     INFO --- Table has been extracted in csv format(PART_1_FINAL.py:189)
[2018-02-17 02:35:33]     INFO --- Table has been extracted in csv format(PART_1_FINAL.py:189)
[2018-02-17 02:35:33]     INFO --- Table has been extracted in csv format(PART_1_FINAL.py:189)
[2018-02-17 02:35:33]     INFO --- Table has been extracted in csv format(PART_1_FINAL.py:189)
[2018-02-17 02:35:33]     INFO --- Table has been extracted in csv format(PART_1_FINAL.py:189)
[2018-02-17 02:35:33]     INFO --- Table has been extracted in csv format(PART_1_FINAL.py:189)
[2018-02-17 02:35:33]     INFO --- Table has been extracted in csv format(PART_1_FINAL.py:189)
[2018-02-17 02:35:33]     INFO --- Table has been extracted in csv format(PART_1_FINAL.py:189)
[2018-02-17 02:35:33]     INFO --- Table has been extracted in csv format(PART_1_FINAL.py:189)
[2018-02-17 02:35:33]     INFO --- Table has been extracted in csv format(PART_1_FINAL.py:189)
[2018-02-17 02:35:33]     INFO --- Table has been extracted in csv format(PART_1_FINAL.py:189)
[2018-02-17 02:35:33]     INFO --- Table has been extracted in csv format(PART_1_FINAL.py:189)
[2018-02-17 02:35:33]     INFO --- Table has been extracted in csv format(PART_1_FINAL.py:189)
[2018-02-17 02:35:33]     INFO --- Table has been extracted in csv format(PART_1_FINAL.py:189)
[2018-02-17 02:35:33]     INFO --- Table has been extracted in csv format(PART_1_FINAL.py:189)
[2018-02-17 02:35:33]     INFO --- Table has been extracted in csv format(PART_1_FINAL.py:189)
[2018-02-17 02:35:33]     INFO --- Table has been extracted in csv format(PART_1_FINAL.py:189)
[2018-02-17 02:35:33]     INFO --- Table has been extracted in csv format(PART_1_FINAL.py:189)
[2018-02-17 02:35:33]     INFO --- Table has been extracted in csv format(PART_1_FINAL.py:189)
[2018-02-17 02:35:33]     INFO --- Table has been extracted in csv format(PART_1_FINAL.py:189)
[2018-02-17 02:35:33]     INFO --- Table has been extracted in csv format(PART_1_FINAL.py:189)
[2018-02-17 02:35:33]     INFO --- Table has been extracted in csv format(PART_1_FINAL.py:189)
[2018-02-17 02:35:33]     INFO --- Table has been extracted in csv format(PART_1_FINAL.py:189)
[2018-02-17 02:35:33]     INFO --- Table has been extracted in csv format(PART_1_FINAL.py:189)
[2018-02-17 02:35:33]     INFO --- Table has been extracted in csv format(PART_1_FINAL.py:189)
[2018-02-17 02:35:33]     INFO --- Table has been extracted in csv format(PART_1_FINAL.py:189)
[2018-02-17 02:35:33]     INFO --- Table has been extracted in csv format(PART_1_FINAL.py:189)
[2018-02-17 02:35:33]     INFO --- Table has been extracted in csv format(PART_1_FINAL.py:189)
[2018-02-17 02:35:34]     INFO --- Table has been extracted in csv format(PART_1_FINAL.py:189)
[2018-02-17 02:35:34]     INFO --- Table has been extracted in csv format(PART_1_FINAL.py:189)
[2018-02-17 02:35:34]     INFO --- Table has been extracted in csv format(PART_1_FINAL.py:189)
[2018-02-17 02:35:34]     INFO --- Table has been extracted in csv format(PART_1_FINAL.py:189)
[2018-02-17 02:35:34]     INFO --- Table has been extracted in csv format(PART_1_FINAL.py:189)
[2018-02-17 02:35:34]     INFO --- Table has been extracted in csv format(PART_1_FINAL.py:189)
[2018-02-17 02:35:34]     INFO --- Table has been extracted in csv format(PART_1_FINAL.py:189)
[2018-02-17 02:35:34]     INFO --- Table has been extracted in csv format(PART_1_FINAL.py:189)
[2018-02-17 02:35:34]     INFO --- Table has been extracted in csv format(PART_1_FINAL.py:189)
[2018-02-17 02:35:34]     INFO --- Table has been extracted in csv format(PART_1_FINAL.py:189)
[2018-02-17 02:35:34]     INFO --- Table has been extracted in csv format(PART_1_FINAL.py:189)
[2018-02-17 02:35:34]     INFO --- Table has been extracted in csv format(PART_1_FINAL.py:189)
[2018-02-17 02:35:34]     INFO --- Table has been extracted in csv format(PART_1_FINAL.py:189)
[2018-02-17 02:35:34]     INFO --- Table has been extracted in csv format(PART_1_FINAL.py:189)
[2018-02-17 02:35:34]     INFO --- Table has been extracted in csv format(PART_1_FINAL.py:189)
[2018-02-17 02:35:34]     INFO --- Table has been extracted in csv format(PART_1_FINAL.py:189)
[2018-02-17 02:35:34]     INFO --- Table has been extracted in csv format(PART_1_FINAL.py:189)
[2018-02-17 02:35:34]     INFO --- Table has been extracted in csv format(PART_1_FINAL.py:189)
[2018-02-17 02:35:34]     INFO --- Table has been extracted in csv format(PART_1_FINAL.py:189)
[2018-02-17 02:35:34]     INFO --- Table has been extracted in csv format(PART_1_FINAL.py:189)
[2018-02-17 02:35:34]     INFO --- Table has been extracted in csv format(PART_1_FINAL.py:189)
[2018-02-17 02:35:34]     INFO --- Table has been extracted in csv format(PART_1_FINAL.py:189)
[2018-02-17 02:35:34]     INFO --- Table has been extracted in csv format(PART_1_FINAL.py:189)
[2018-02-17 02:35:34]     INFO --- Table has been extracted in csv format(PART_1_FINAL.py:189)
[2018-02-17 02:35:34]     INFO --- Table has been extracted in csv format(PART_1_FINAL.py:189)
[2018-02-17 02:35:34]     INFO --- Table has been extracted in csv format(PART_1_FINAL.py:189)
[2018-02-17 02:35:34]     INFO --- Table has been extracted in csv format(PART_1_FINAL.py:189)
[2018-02-17 02:35:34]     INFO --- Table has been extracted in csv format(PART_1_FINAL.py:189)
[2018-02-17 02:35:34]     INFO --- Table has been extracted in csv format(PART_1_FINAL.py:189)
[2018-02-17 02:35:34]     INFO --- Table has been extracted in csv format(PART_1_FINAL.py:189)
[2018-02-17 02:35:34]     INFO --- Table has been extracted in csv format(PART_1_FINAL.py:189)
[2018-02-17 02:35:34]     INFO --- Table has been extracted in csv format(PART_1_FINAL.py:189)
[2018-02-17 02:35:34]     INFO --- Table has been extracted in csv format(PART_1_FINAL.py:189)
[2018-02-17 02:35:34]     INFO --- Table has been extracted in csv format(PART_1_FINAL.py:189)
[2018-02-17 02:35:34]     INFO --- Table has been extracted in csv format(PART_1_FINAL.py:189)
[2018-02-17 02:35:34]     INFO --- Table has been extracted in csv format(PART_1_FINAL.py:189)
[2018-02-17 02:35:34]     INFO --- Table has been extracted in csv format(PART_1_FINAL.py:189)
[2018-02-17 02:35:34]     INFO --- Table has been extracted in csv format(PART_1_FINAL.py:189)
[2018-02-17 02:35:34]     INFO --- Table has been extracted in csv format(PART_1_FINAL.py:189)
[2018-02-17 02:35:34]     INFO --- Table has been extracted in csv format(PART_1_FINAL.py:189)
[2018-02-17 02:35:34]     INFO --- Table has been extracted in csv format(PART_1_FINAL.py:189)
[2018-02-17 02:35:34]     INFO --- Table has been extracted in csv format(PART_1_FINAL.py:189)
[2018-02-17 02:35:34]     INFO --- Table has been extracted in csv format(PART_1_FINAL.py:189)
[2018-02-17 02:35:34]     INFO --- Table has been extracted in csv format(PART_1_FINAL.py:189)
[2018-02-17 02:35:34]     INFO --- Table has been extracted in csv format(PART_1_FINAL.py:189)
[2018-02-17 02:35:34]     INFO --- Table has been extracted in csv format(PART_1_FINAL.py:189)
[2018-02-17 02:35:34]     INFO --- Table has been extracted in csv format(PART_1_FINAL.py:189)
[2018-02-17 02:35:34]     INFO --- Table has been extracted in csv format(PART_1_FINAL.py:189)
[2018-02-17 02:35:34]     INFO --- Table has been extracted in csv format(PART_1_FINAL.py:189)
[2018-02-17 02:35:34]     INFO --- Table has been extracted in csv format(PART_1_FINAL.py:189)
[2018-02-17 02:35:34]     INFO --- Table has been extracted in csv format(PART_1_FINAL.py:189)
[2018-02-17 02:35:34]     INFO --- Table has been extracted in csv format(PART_1_FINAL.py:189)
[2018-02-17 02:35:34]     INFO --- Table has been extracted in csv format(PART_1_FINAL.py:189)
[2018-02-17 02:35:34]     INFO --- Table has been extracted in csv format(PART_1_FINAL.py:189)
[2018-02-17 02:35:34]     INFO --- Table has been extracted in csv format(PART_1_FINAL.py:189)
[2018-02-17 02:35:34]     INFO --- Table has been extracted in csv format(PART_1_FINAL.py:189)
[2018-02-17 02:35:34]     INFO --- Table has been extracted in csv format(PART_1_FINAL.py:189)
[2018-02-17 02:35:35]     INFO --- Table has been extracted in csv format(PART_1_FINAL.py:189)
[2018-02-17 02:35:35]     INFO --- Table has been extracted in csv format(PART_1_FINAL.py:189)
[2018-02-17 02:35:35]     INFO --- Table has been extracted in csv format(PART_1_FINAL.py:189)
[2018-02-17 02:35:35]     INFO --- Table has been extracted in csv format(PART_1_FINAL.py:189)
[2018-02-17 02:35:35]     INFO --- Table has been extracted in csv format(PART_1_FINAL.py:189)
[2018-02-17 02:35:35]     INFO --- Table has been extracted in csv format(PART_1_FINAL.py:189)
[2018-02-17 02:35:35]     INFO --- Table has been extracted in csv format(PART_1_FINAL.py:189)
[2018-02-17 02:35:35]     INFO --- Table has been extracted in csv format(PART_1_FINAL.py:189)
[2018-02-17 02:35:35]     INFO --- Table has been extracted in csv format(PART_1_FINAL.py:189)
[2018-02-17 02:35:35]     INFO --- Table has been extracted in csv format(PART_1_FINAL.py:189)
[2018-02-17 02:35:35]     INFO --- Table has been extracted in csv format(PART_1_FINAL.py:189)
[2018-02-17 02:35:35]     INFO --- Table has been extracted in csv format(PART_1_FINAL.py:189)
[2018-02-17 02:35:35]     INFO --- Table has been extracted in csv format(PART_1_FINAL.py:189)
[2018-02-17 02:35:35]     INFO --- Table has been extracted in csv format(PART_1_FINAL.py:189)
[2018-02-17 02:35:35]     INFO --- Table has been extracted in csv format(PART_1_FINAL.py:189)
[2018-02-17 02:35:35]     INFO --- Table has been extracted in csv format(PART_1_FINAL.py:189)
[2018-02-17 02:35:35]     INFO --- Table has been extracted in csv format(PART_1_FINAL.py:189)
[2018-02-17 02:35:35]     INFO --- Table has been extracted in csv format(PART_1_FINAL.py:189)
[2018-02-17 02:35:35]     INFO --- Table has been extracted in csv format(PART_1_FINAL.py:189)
[2018-02-17 02:35:35]     INFO --- Table has been extracted in csv format(PART_1_FINAL.py:189)
[2018-02-17 02:35:35]     INFO --- Table has been extracted in csv format(PART_1_FINAL.py:189)
[2018-02-17 02:35:35]     INFO --- Table has been extracted in csv format(PART_1_FINAL.py:189)
[2018-02-17 02:35:35]     INFO --- Table has been extracted in csv format(PART_1_FINAL.py:189)
[2018-02-17 02:35:35]     INFO --- Table has been extracted in csv format(PART_1_FINAL.py:189)
[2018-02-17 02:35:35]     INFO --- Table has been extracted in csv format(PART_1_FINAL.py:189)
[2018-02-17 02:35:35]     INFO --- Table has been extracted in csv format(PART_1_FINAL.py:189)
[2018-02-17 02:35:35]     INFO --- Table has been extracted in csv format(PART_1_FINAL.py:189)
[2018-02-17 02:35:35]     INFO --- Table has been extracted in csv format(PART_1_FINAL.py:189)
[2018-02-17 02:35:35]     INFO --- Table has been extracted in csv format(PART_1_FINAL.py:189)
[2018-02-17 02:35:35]     INFO --- Table has been extracted in csv format(PART_1_FINAL.py:189)
[2018-02-17 02:35:35]     INFO --- Table has been extracted in csv format(PART_1_FINAL.py:189)
[2018-02-17 02:35:35]     INFO --- Table has been extracted in csv format(PART_1_FINAL.py:189)
[2018-02-17 02:35:35]     INFO --- Table has been extracted in csv format(PART_1_FINAL.py:189)
[2018-02-17 02:35:35]     INFO --- Table has been extracted in csv format(PART_1_FINAL.py:189)
[2018-02-17 02:35:35]     INFO --- Table has been extracted in csv format(PART_1_FINAL.py:189)
[2018-02-17 02:35:35]     INFO --- Table has been extracted in csv format(PART_1_FINAL.py:189)
[2018-02-17 02:35:35]     INFO --- Table has been extracted in csv format(PART_1_FINAL.py:189)
[2018-02-17 02:35:35]     INFO --- Table has been extracted in csv format(PART_1_FINAL.py:189)
[2018-02-17 02:35:35]     INFO --- Table has been extracted in csv format(PART_1_FINAL.py:189)
[2018-02-17 02:35:35]     INFO --- Table has been extracted in csv format(PART_1_FINAL.py:189)
[2018-02-17 02:35:35]     INFO --- Table has been extracted in csv format(PART_1_FINAL.py:189)
[2018-02-17 02:35:35]     INFO --- Table has been extracted in csv format(PART_1_FINAL.py:189)
[2018-02-17 02:35:35]     INFO --- Table has been extracted in csv format(PART_1_FINAL.py:189)
[2018-02-17 02:35:35]     INFO --- Table has been extracted in csv format(PART_1_FINAL.py:189)
[2018-02-17 02:35:36]     INFO --- Table has been extracted in csv format(PART_1_FINAL.py:189)
[2018-02-17 02:35:36]     INFO --- Table has been extracted in csv format(PART_1_FINAL.py:189)
[2018-02-17 02:35:36]     INFO --- Table has been extracted in csv format(PART_1_FINAL.py:189)
[2018-02-17 02:35:36]     INFO --- Table has been extracted in csv format(PART_1_FINAL.py:189)
[2018-02-17 02:35:36]     INFO --- Table has been extracted in csv format(PART_1_FINAL.py:189)
[2018-02-17 02:35:36]     INFO --- Table has been extracted in csv format(PART_1_FINAL.py:189)
[2018-02-17 02:35:36]     INFO --- Table has been extracted in csv format(PART_1_FINAL.py:189)
[2018-02-17 02:35:36]     INFO --- Table has been extracted in csv format(PART_1_FINAL.py:189)
[2018-02-17 02:35:36]     INFO --- Table has been extracted in csv format(PART_1_FINAL.py:189)
[2018-02-17 02:35:36]     INFO --- Table has been extracted in csv format(PART_1_FINAL.py:189)
[2018-02-17 02:35:36]     INFO --- Table has been extracted in csv format(PART_1_FINAL.py:189)
[2018-02-17 02:35:36]     INFO --- Table has been extracted in csv format(PART_1_FINAL.py:189)
[2018-02-17 02:35:36]     INFO --- Table has been extracted in csv format(PART_1_FINAL.py:189)
[2018-02-17 02:35:36]     INFO --- Table has been extracted in csv format(PART_1_FINAL.py:189)
[2018-02-17 02:35:36]     INFO --- Table has been extracted in csv format(PART_1_FINAL.py:189)
[2018-02-17 02:35:36]     INFO --- Table has been extracted in csv format(PART_1_FINAL.py:189)
[2018-02-17 02:35:36]     INFO --- Table has been extracted in csv format(PART_1_FINAL.py:189)
[2018-02-17 02:35:36]     INFO --- Table has been extracted in csv format(PART_1_FINAL.py:189)
[2018-02-17 02:35:36]     INFO --- Table has been extracted in csv format(PART_1_FINAL.py:189)
[2018-02-17 02:35:36]     INFO --- Table has been extracted in csv format(PART_1_FINAL.py:189)
[2018-02-17 02:35:36]     INFO --- Table has been extracted in csv format(PART_1_FINAL.py:189)
[2018-02-17 02:35:36]     INFO --- Table has been extracted in csv format(PART_1_FINAL.py:189)
[2018-02-17 02:35:36]     INFO --- Table has been extracted in csv format(PART_1_FINAL.py:189)
[2018-02-17 02:35:36]     INFO --- Table has been extracted in csv format(PART_1_FINAL.py:189)
[2018-02-17 02:35:36]     INFO --- Table has been extracted in csv format(PART_1_FINAL.py:189)
[2018-02-17 02:35:36]     INFO --- Table has been extracted in csv format(PART_1_FINAL.py:189)
[2018-02-17 02:35:36]     INFO --- Table has been extracted in csv format(PART_1_FINAL.py:189)
[2018-02-17 02:35:36]     INFO --- Table has been extracted in csv format(PART_1_FINAL.py:189)
[2018-02-17 02:35:36]     INFO --- Table has been extracted in csv format(PART_1_FINAL.py:189)
[2018-02-17 02:35:36]     INFO --- Table has been extracted in csv format(PART_1_FINAL.py:189)
[2018-02-17 02:35:36]     INFO --- Table has been extracted in csv format(PART_1_FINAL.py:189)
[2018-02-17 02:35:36]     INFO --- Table has been extracted in csv format(PART_1_FINAL.py:189)
[2018-02-17 02:35:36]     INFO --- Table has been extracted in csv format(PART_1_FINAL.py:189)
[2018-02-17 02:35:36]     INFO --- Table has been extracted in csv format(PART_1_FINAL.py:189)
[2018-02-17 02:35:36]     INFO --- Table has been extracted in csv format(PART_1_FINAL.py:189)
[2018-02-17 02:35:36]     INFO --- Table has been extracted in csv format(PART_1_FINAL.py:189)
[2018-02-17 02:35:36]     INFO --- Table has been extracted in csv format(PART_1_FINAL.py:189)
[2018-02-17 02:35:36]     INFO --- Table has been extracted in csv format(PART_1_FINAL.py:189)
[2018-02-17 02:35:36]     INFO --- Table has been extracted in csv format(PART_1_FINAL.py:189)
[2018-02-17 02:35:36]     INFO --- Table has been extracted in csv format(PART_1_FINAL.py:189)
[2018-02-17 02:35:36]     INFO --- Table has been extracted in csv format(PART_1_FINAL.py:189)
[2018-02-17 02:35:36]     INFO --- Table has been extracted in csv format(PART_1_FINAL.py:189)
[2018-02-17 02:35:36]     INFO --- Table has been extracted in csv format(PART_1_FINAL.py:189)
[2018-02-17 02:35:36]     INFO --- Table has been extracted in csv format(PART_1_FINAL.py:189)
[2018-02-17 02:35:36]     INFO --- Table has been extracted in csv format(PART_1_FINAL.py:189)
[2018-02-17 02:35:36]     INFO --- Table has been extracted in csv format(PART_1_FINAL.py:189)
[2018-02-17 02:35:36]     INFO --- Table has been extracted in csv format(PART_1_FINAL.py:189)
[2018-02-17 02:35:36]     INFO --- Table has been extracted in csv format(PART_1_FINAL.py:189)
[2018-02-17 02:35:36]     INFO --- Table has been extracted in csv format(PART_1_FINAL.py:189)
[2018-02-17 02:35:36]     INFO --- Table has been extracted in csv format(PART_1_FINAL.py:189)
[2018-02-17 02:35:36]     INFO --- Table has been extracted in csv format(PART_1_FINAL.py:189)
[2018-02-17 02:35:36]     INFO --- Table has been extracted in csv format(PART_1_FINAL.py:189)
[2018-02-17 02:35:36]     INFO --- Table has been extracted in csv format(PART_1_FINAL.py:189)
[2018-02-17 02:35:36]     INFO --- Table has been extracted in csv format(PART_1_FINAL.py:189)
[2018-02-17 02:35:36]     INFO --- Table has been extracted in csv format(PART_1_FINAL.py:189)
[2018-02-17 02:35:36]     INFO --- Table has been extracted in csv format(PART_1_FINAL.py:189)
[2018-02-17 02:35:36]     INFO --- Table has been extracted in csv format(PART_1_FINAL.py:189)
[2018-02-17 02:35:36]     INFO --- Table has been extracted in csv format(PART_1_FINAL.py:189)
[2018-02-17 02:35:36]     INFO --- Table has been extracted in csv format(PART_1_FINAL.py:189)
[2018-02-17 02:35:36]     INFO --- Table has been extracted in csv format(PART_1_FINAL.py:189)
[2018-02-17 02:35:36]     INFO --- Table has been extracted in csv format(PART_1_FINAL.py:189)
[2018-02-17 02:35:36]     INFO --- Table has been extracted in csv format(PART_1_FINAL.py:189)
[2018-02-17 02:35:36]     INFO --- Table has been extracted in csv format(PART_1_FINAL.py:189)
[2018-02-17 02:35:36]     INFO --- Table has been extracted in csv format(PART_1_FINAL.py:189)
[2018-02-17 02:35:36]     INFO --- Table has been extracted in csv format(PART_1_FINAL.py:189)
[2018-02-17 02:35:37]     INFO --- Table has been extracted in csv format(PART_1_FINAL.py:189)
[2018-02-17 02:35:37]     INFO --- Table has been extracted in csv format(PART_1_FINAL.py:189)
[2018-02-17 02:35:37]     INFO --- Table has been extracted in csv format(PART_1_FINAL.py:189)
[2018-02-17 02:35:37]     INFO --- Table has been extracted in csv format(PART_1_FINAL.py:189)
[2018-02-17 02:35:37]     INFO --- Table has been extracted in csv format(PART_1_FINAL.py:189)
[2018-02-17 02:35:37]     INFO --- Table has been extracted in csv format(PART_1_FINAL.py:189)
[2018-02-17 02:35:37]     INFO --- Table has been extracted in csv format(PART_1_FINAL.py:189)
[2018-02-17 02:35:37]     INFO --- Table has been extracted in csv format(PART_1_FINAL.py:189)
[2018-02-17 02:35:37]     INFO --- Table has been extracted in csv format(PART_1_FINAL.py:189)
[2018-02-17 02:35:37]     INFO --- Table has been extracted in csv format(PART_1_FINAL.py:189)
[2018-02-17 02:35:37]     INFO --- Table has been extracted in csv format(PART_1_FINAL.py:189)
[2018-02-17 02:35:37]     INFO --- Table has been extracted in csv format(PART_1_FINAL.py:189)
[2018-02-17 02:35:37]     INFO --- Table has been extracted in csv format(PART_1_FINAL.py:189)
[2018-02-17 02:35:37]     INFO --- Table has been extracted in csv format(PART_1_FINAL.py:189)
[2018-02-17 02:35:37]     INFO --- Table has been extracted in csv format(PART_1_FINAL.py:189)
[2018-02-17 02:35:37]     INFO --- Table has been extracted in csv format(PART_1_FINAL.py:189)
[2018-02-17 02:35:37]     INFO --- Table has been extracted in csv format(PART_1_FINAL.py:189)
[2018-02-17 02:35:37]     INFO --- Table has been extracted in csv format(PART_1_FINAL.py:189)
[2018-02-17 02:35:37]     INFO --- Table has been extracted in csv format(PART_1_FINAL.py:189)
[2018-02-17 02:35:37]     INFO --- Table has been extracted in csv format(PART_1_FINAL.py:189)
[2018-02-17 02:35:37]     INFO --- Table has been extracted in csv format(PART_1_FINAL.py:189)
[2018-02-17 02:35:37]     INFO --- Table has been extracted in csv format(PART_1_FINAL.py:189)
[2018-02-17 02:35:37]     INFO --- Table has been extracted in csv format(PART_1_FINAL.py:189)
[2018-02-17 02:35:37]     INFO --- Table has been extracted in csv format(PART_1_FINAL.py:189)
[2018-02-17 02:35:37]     INFO --- Table has been extracted in csv format(PART_1_FINAL.py:189)
[2018-02-17 02:35:37]     INFO --- Table has been extracted in csv format(PART_1_FINAL.py:189)
[2018-02-17 02:35:37]     INFO --- Table has been extracted in csv format(PART_1_FINAL.py:189)
[2018-02-17 02:35:37]     INFO --- Table has been extracted in csv format(PART_1_FINAL.py:189)
[2018-02-17 02:35:37]     INFO --- Table has been extracted in csv format(PART_1_FINAL.py:189)
[2018-02-17 02:35:37]     INFO --- Table has been extracted in csv format(PART_1_FINAL.py:189)
[2018-02-17 02:35:37]     INFO --- Table has been extracted in csv format(PART_1_FINAL.py:189)
[2018-02-17 02:35:37]     INFO --- Table has been extracted in csv format(PART_1_FINAL.py:189)
[2018-02-17 02:35:37]     INFO --- Table has been extracted in csv format(PART_1_FINAL.py:189)
[2018-02-17 02:35:37]     INFO --- Table has been extracted in csv format(PART_1_FINAL.py:189)
[2018-02-17 02:35:37]     INFO --- Table has been extracted in csv format(PART_1_FINAL.py:189)
[2018-02-17 02:35:37]     INFO --- Table has been extracted in csv format(PART_1_FINAL.py:189)
[2018-02-17 02:35:37]     INFO --- Table has been extracted in csv format(PART_1_FINAL.py:189)
[2018-02-17 02:35:37]     INFO --- Table has been extracted in csv format(PART_1_FINAL.py:189)
[2018-02-17 02:35:37]     INFO --- Table has been extracted in csv format(PART_1_FINAL.py:189)
[2018-02-17 02:35:37]     INFO --- Table has been extracted in csv format(PART_1_FINAL.py:189)
[2018-02-17 02:35:37]     INFO --- Table has been extracted in csv format(PART_1_FINAL.py:189)
[2018-02-17 02:35:37]     INFO --- Table has been extracted in csv format(PART_1_FINAL.py:189)
[2018-02-17 02:35:37]     INFO --- Table has been extracted in csv format(PART_1_FINAL.py:189)
[2018-02-17 02:35:37]     INFO --- Table has been extracted in csv format(PART_1_FINAL.py:189)
[2018-02-17 02:35:37]     INFO --- Table has been extracted in csv format(PART_1_FINAL.py:189)
[2018-02-17 02:35:37]     INFO --- Table has been extracted in csv format(PART_1_FINAL.py:189)
[2018-02-17 02:35:37]     INFO --- Table has been extracted in csv format(PART_1_FINAL.py:189)
[2018-02-17 02:35:37]     INFO --- Table has been extracted in csv format(PART_1_FINAL.py:189)
[2018-02-17 02:35:37]     INFO --- Table has been extracted in csv format(PART_1_FINAL.py:189)
[2018-02-17 02:35:37]     INFO --- Table has been extracted in csv format(PART_1_FINAL.py:189)
[2018-02-17 02:35:37]     INFO --- Table has been extracted in csv format(PART_1_FINAL.py:189)
[2018-02-17 02:35:37]     INFO --- Table has been extracted in csv format(PART_1_FINAL.py:189)
[2018-02-17 02:35:37]     INFO --- Table has been extracted in csv format(PART_1_FINAL.py:189)
[2018-02-17 02:35:37]     INFO --- Table has been extracted in csv format(PART_1_FINAL.py:189)
[2018-02-17 02:35:37]     INFO --- Table has been extracted in csv format(PART_1_FINAL.py:189)
[2018-02-17 02:35:37]     INFO --- Table has been extracted in csv format(PART_1_FINAL.py:189)
[2018-02-17 02:35:37]     INFO --- Table has been extracted in csv format(PART_1_FINAL.py:189)
[2018-02-17 02:35:37]     INFO --- Table has been extracted in csv format(PART_1_FINAL.py:189)
[2018-02-17 02:35:37]     INFO --- Table has been extracted in csv format(PART_1_FINAL.py:189)
[2018-02-17 02:35:37]     INFO --- Table has been extracted in csv format(PART_1_FINAL.py:189)
[2018-02-17 02:35:37]     INFO --- Table has been extracted in csv format(PART_1_FINAL.py:189)
[2018-02-17 02:35:37]     INFO --- Table has been extracted in csv format(PART_1_FINAL.py:189)
[2018-02-17 02:35:37]     INFO --- Table has been extracted in csv format(PART_1_FINAL.py:189)
[2018-02-17 02:35:37]     INFO --- Table has been extracted in csv format(PART_1_FINAL.py:189)
[2018-02-17 02:35:37]     INFO --- Table has been extracted in csv format(PART_1_FINAL.py:189)
[2018-02-17 02:35:37]     INFO --- Table has been extracted in csv format(PART_1_FINAL.py:189)
[2018-02-17 02:35:37]     INFO --- Table has been extracted in csv format(PART_1_FINAL.py:189)
[2018-02-17 02:35:37]     INFO --- Table has been extracted in csv format(PART_1_FINAL.py:189)
[2018-02-17 02:35:37]     INFO --- Table has been extracted in csv format(PART_1_FINAL.py:189)
[2018-02-17 02:35:37]     INFO --- Table has been extracted in csv format(PART_1_FINAL.py:189)
[2018-02-17 02:35:37]     INFO --- Table has been extracted in csv format(PART_1_FINAL.py:189)
[2018-02-17 02:35:37]     INFO --- Table has been extracted in csv format(PART_1_FINAL.py:189)
[2018-02-17 02:35:37]     INFO --- Table has been extracted in csv format(PART_1_FINAL.py:189)
[2018-02-17 02:35:38]     INFO --- Table has been extracted in csv format(PART_1_FINAL.py:189)
[2018-02-17 02:35:38]     INFO --- Table has been extracted in csv format(PART_1_FINAL.py:189)
[2018-02-17 02:35:38]     INFO --- Table has been extracted in csv format(PART_1_FINAL.py:189)
[2018-02-17 02:35:38]     INFO --- Table has been extracted in csv format(PART_1_FINAL.py:189)
[2018-02-17 02:35:38]     INFO --- Table has been extracted in csv format(PART_1_FINAL.py:189)
[2018-02-17 02:35:38]     INFO --- Table has been extracted in csv format(PART_1_FINAL.py:189)
[2018-02-17 02:35:38]     INFO --- Table has been extracted in csv format(PART_1_FINAL.py:189)
[2018-02-17 02:35:38]     INFO --- Table has been extracted in csv format(PART_1_FINAL.py:189)
[2018-02-17 02:35:38]     INFO --- Table has been extracted in csv format(PART_1_FINAL.py:189)
[2018-02-17 02:35:38]     INFO --- Table has been extracted in csv format(PART_1_FINAL.py:189)
[2018-02-17 02:35:38]     INFO --- Table has been extracted in csv format(PART_1_FINAL.py:189)
[2018-02-17 02:35:38]     INFO --- Table has been extracted in csv format(PART_1_FINAL.py:189)
[2018-02-17 02:35:38]     INFO --- Table has been extracted in csv format(PART_1_FINAL.py:189)
[2018-02-17 02:35:38]     INFO --- Table has been extracted in csv format(PART_1_FINAL.py:189)
[2018-02-17 02:35:38]     INFO --- Table has been extracted in csv format(PART_1_FINAL.py:189)
[2018-02-17 02:35:38]     INFO --- Table has been extracted in csv format(PART_1_FINAL.py:189)
[2018-02-17 02:35:38]     INFO --- Table has been extracted in csv format(PART_1_FINAL.py:189)
[2018-02-17 02:35:38]     INFO --- Table has been extracted in csv format(PART_1_FINAL.py:189)
[2018-02-17 02:35:38]     INFO --- Table has been extracted in csv format(PART_1_FINAL.py:189)
[2018-02-17 02:35:38]     INFO --- Table has been extracted in csv format(PART_1_FINAL.py:189)
[2018-02-17 02:35:38]     INFO --- Table has been extracted in csv format(PART_1_FINAL.py:189)
[2018-02-17 02:35:38]     INFO --- Table has been extracted in csv format(PART_1_FINAL.py:189)
[2018-02-17 02:35:38]     INFO --- Table has been extracted in csv format(PART_1_FINAL.py:189)
[2018-02-17 02:35:38]     INFO --- Table has been extracted in csv format(PART_1_FINAL.py:189)
[2018-02-17 02:35:38]     INFO --- Table has been extracted in csv format(PART_1_FINAL.py:189)
[2018-02-17 02:35:38]     INFO --- Table has been extracted in csv format(PART_1_FINAL.py:189)
[2018-02-17 02:35:38]     INFO --- All files are zipped(PART_1_FINAL.py:196)
[2018-02-17 02:35:38]     INFO --- All files are zipped(PART_1_FINAL.py:196)
[2018-02-17 02:35:38]     INFO --- All files are zipped(PART_1_FINAL.py:196)
[2018-02-17 02:35:38]     INFO --- All files are zipped(PART_1_FINAL.py:196)
[2018-02-17 02:35:38]     INFO --- All files are zipped(PART_1_FINAL.py:196)
[2018-02-17 02:35:38]     INFO --- All files are zipped(PART_1_FINAL.py:196)
[2018-02-17 02:35:38]     INFO --- All files are zipped(PART_1_FINAL.py:196)
[2018-02-17 02:35:38]     INFO --- All files are zipped(PART_1_FINAL.py:196)
[2018-02-17 02:35:38]     INFO --- All files are zipped(PART_1_FINAL.py:196)
[2018-02-17 02:35:38]     INFO --- All files are zipped(PART_1_FINAL.py:196)
[2018-02-17 02:35:38]     INFO --- All files are zipped(PART_1_FINAL.py:196)
[2018-02-17 02:35:38]     INFO --- All files are zipped(PART_1_FINAL.py:196)
[2018-02-17 02:35:38]     INFO --- All files are zipped(PART_1_FINAL.py:196)
[2018-02-17 02:35:38]     INFO --- All files are zipped(PART_1_FINAL.py:196)
[2018-02-17 02:35:38]     INFO --- All files are zipped(PART_1_FINAL.py:196)
[2018-02-17 02:35:38]     INFO --- All files are zipped(PART_1_FINAL.py:196)
[2018-02-17 02:35:38]     INFO --- All files are zipped(PART_1_FINAL.py:196)
[2018-02-17 02:35:38]     INFO --- All files are zipped(PART_1_FINAL.py:196)
[2018-02-17 02:35:38]     INFO --- All files are zipped(PART_1_FINAL.py:196)
[2018-02-17 02:35:38]     INFO --- All files are zipped(PART_1_FINAL.py:196)
[2018-02-17 02:35:38]     INFO --- All files are zipped(PART_1_FINAL.py:196)
[2018-02-17 02:35:38]     INFO --- All files are zipped(PART_1_FINAL.py:196)
[2018-02-17 02:35:38]     INFO --- All files are zipped(PART_1_FINAL.py:196)
[2018-02-17 02:35:38]     INFO --- All files are zipped(PART_1_FINAL.py:196)
[2018-02-17 02:35:38]     INFO --- All files are zipped(PART_1_FINAL.py:196)
[2018-02-17 02:35:38]     INFO --- All files are zipped(PART_1_FINAL.py:196)
[2018-02-17 02:35:38]     INFO --- All files are zipped(PART_1_FINAL.py:196)
[2018-02-17 02:35:38]     INFO --- All files are zipped(PART_1_FINAL.py:196)
[2018-02-17 02:35:38]     INFO --- All files are zipped(PART_1_FINAL.py:196)
[2018-02-17 02:35:38]     INFO --- All files are zipped(PART_1_FINAL.py:196)
[2018-02-17 02:35:38]     INFO --- All files are zipped(PART_1_FINAL.py:196)
[2018-02-17 02:35:38]     INFO --- All files are zipped(PART_1_FINAL.py:196)
[2018-02-17 02:35:38]     INFO --- All files are zipped(PART_1_FINAL.py:196)
[2018-02-17 02:35:38]     INFO --- All files are zipped(PART_1_FINAL.py:196)
[2018-02-17 02:35:38]     INFO --- All files are zipped(PART_1_FINAL.py:196)
[2018-02-17 02:35:38]     INFO --- All files are zipped(PART_1_FINAL.py:196)
[2018-02-17 02:35:38]     INFO --- All files are zipped(PART_1_FINAL.py:196)
[2018-02-17 02:35:38]     INFO --- All files are zipped(PART_1_FINAL.py:196)
[2018-02-17 02:35:38]     INFO --- All files are zipped(PART_1_FINAL.py:196)
[2018-02-17 02:35:38]     INFO --- All files are zipped(PART_1_FINAL.py:196)
[2018-02-17 02:35:38]     INFO --- All files are zipped(PART_1_FINAL.py:196)
[2018-02-17 02:35:38]     INFO --- All files are zipped(PART_1_FINAL.py:196)
[2018-02-17 02:35:38]     INFO --- All files are zipped(PART_1_FINAL.py:196)
[2018-02-17 02:35:38]     INFO --- All files are zipped(PART_1_FINAL.py:196)
[2018-02-17 02:35:38]     INFO --- All files are zipped(PART_1_FINAL.py:196)
[2018-02-17 02:35:38]     INFO --- All files are zipped(PART_1_FINAL.py:196)
[2018-02-17 02:35:38]     INFO --- All files are zipped(PART_1_FINAL.py:196)
[2018-02-17 02:35:38]     INFO --- All files are zipped(PART_1_FINAL.py:196)
[2018-02-17 02:35:38]     INFO --- All files are zipped(PART_1_FINAL.py:196)
[2018-02-17 02:35:38]     INFO --- All files are zipped(PART_1_FINAL.py:196)
[2018-02-17 02:35:38]     INFO --- All files are zipped(PART_1_FINAL.py:196)
[2018-02-17 02:35:38]     INFO --- All files are zipped(PART_1_FINAL.py:196)
[2018-02-17 02:35:38]     INFO --- All files are zipped(PART_1_FINAL.py:196)
[2018-02-17 02:35:38]     INFO --- All files are zipped(PART_1_FINAL.py:196)
[2018-02-17 02:35:38]     INFO --- All files are zipped(PART_1_FINAL.py:196)
[2018-02-17 02:35:38]     INFO --- All files are zipped(PART_1_FINAL.py:196)
[2018-02-17 02:35:38]     INFO --- All files are zipped(PART_1_FINAL.py:196)
[2018-02-17 02:35:38]     INFO --- All files are zipped(PART_1_FINAL.py:196)
[2018-02-17 02:35:38]     INFO --- All files are zipped(PART_1_FINAL.py:196)
[2018-02-17 02:35:38]     INFO --- All files are zipped(PART_1_FINAL.py:196)
[2018-02-17 02:35:38]     INFO --- All files are zipped(PART_1_FINAL.py:196)
[2018-02-17 02:35:38]     INFO --- All files are zipped(PART_1_FINAL.py:196)
[2018-02-17 02:35:38]     INFO --- All files are zipped(PART_1_FINAL.py:196)
[2018-02-17 02:35:38]     INFO --- All files are zipped(PART_1_FINAL.py:196)
[2018-02-17 02:35:38]     INFO --- All files are zipped(PART_1_FINAL.py:196)
[2018-02-17 02:35:38]     INFO --- All files are zipped(PART_1_FINAL.py:196)
[2018-02-17 02:35:38]     INFO --- All files are zipped(PART_1_FINAL.py:196)
[2018-02-17 02:35:38]     INFO --- All files are zipped(PART_1_FINAL.py:196)
[2018-02-17 02:35:38]     INFO --- All files are zipped(PART_1_FINAL.py:196)
[2018-02-17 02:35:38]     INFO --- All files are zipped(PART_1_FINAL.py:196)
[2018-02-17 02:35:38]     INFO --- All files are zipped(PART_1_FINAL.py:196)
[2018-02-17 02:35:38]     INFO --- All files are zipped(PART_1_FINAL.py:196)
[2018-02-17 02:35:38]     INFO --- All files are zipped(PART_1_FINAL.py:196)
[2018-02-17 02:35:38]     INFO --- All files are zipped(PART_1_FINAL.py:196)
[2018-02-17 02:35:38]     INFO --- All files are zipped(PART_1_FINAL.py:196)
[2018-02-17 02:35:38]     INFO --- All files are zipped(PART_1_FINAL.py:196)
[2018-02-17 02:35:38]     INFO --- All files are zipped(PART_1_FINAL.py:196)
[2018-02-17 02:35:38]     INFO --- All files are zipped(PART_1_FINAL.py:196)
[2018-02-17 02:35:38]     INFO --- All files are zipped(PART_1_FINAL.py:196)
[2018-02-17 02:35:38]     INFO --- All files are zipped(PART_1_FINAL.py:196)
[2018-02-17 02:35:38]     INFO --- All files are zipped(PART_1_FINAL.py:196)
[2018-02-17 02:35:38]     INFO --- All files are zipped(PART_1_FINAL.py:196)
[2018-02-17 02:35:38]     INFO --- All files are zipped(PART_1_FINAL.py:196)
[2018-02-17 02:35:38]     INFO --- All files are zipped(PART_1_FINAL.py:196)
[2018-02-17 02:35:38]     INFO --- All files are zipped(PART_1_FINAL.py:196)
[2018-02-17 02:35:38]     INFO --- All files are zipped(PART_1_FINAL.py:196)
[2018-02-17 02:35:38]     INFO --- All files are zipped(PART_1_FINAL.py:196)
[2018-02-17 02:35:38]     INFO --- All files are zipped(PART_1_FINAL.py:196)
[2018-02-17 02:35:38]     INFO --- All files are zipped(PART_1_FINAL.py:196)
[2018-02-17 02:35:38]     INFO --- All files are zipped(PART_1_FINAL.py:196)
[2018-02-17 02:35:38]     INFO --- All files are zipped(PART_1_FINAL.py:196)
[2018-02-17 02:35:38]     INFO --- All files are zipped(PART_1_FINAL.py:196)
[2018-02-17 02:35:38]     INFO --- All files are zipped(PART_1_FINAL.py:196)
[2018-02-17 02:35:38]     INFO --- All files are zipped(PART_1_FINAL.py:196)
[2018-02-17 02:35:38]     INFO --- All files are zipped(PART_1_FINAL.py:196)
[2018-02-17 02:35:38]     INFO --- All files are zipped(PART_1_FINAL.py:196)
[2018-02-17 02:35:38]     INFO --- All files are zipped(PART_1_FINAL.py:196)
[2018-02-17 02:35:38]     INFO --- All files are zipped(PART_1_FINAL.py:196)
[2018-02-17 02:35:38]     INFO --- All files are zipped(PART_1_FINAL.py:196)
[2018-02-17 02:35:38]     INFO --- All files are zipped(PART_1_FINAL.py:196)
[2018-02-17 02:35:38]     INFO --- All files are zipped(PART_1_FINAL.py:196)
[2018-02-17 02:35:38]     INFO --- All files are zipped(PART_1_FINAL.py:196)
[2018-02-17 02:35:38]     INFO --- All files are zipped(PART_1_FINAL.py:196)
[2018-02-17 02:35:38]     INFO --- All files are zipped(PART_1_FINAL.py:196)
[2018-02-17 02:35:38]     INFO --- All files are zipped(PART_1_FINAL.py:196)
[2018-02-17 02:35:38]     INFO --- All files are zipped(PART_1_FINAL.py:196)
[2018-02-17 02:35:38]     INFO --- All files are zipped(PART_1_FINAL.py:196)
[2018-02-17 02:35:38]     INFO --- All files are zipped(PART_1_FINAL.py:196)
[2018-02-17 02:35:38]     INFO --- All files are zipped(PART_1_FINAL.py:196)
[2018-02-17 02:35:38]     INFO --- All files are zipped(PART_1_FINAL.py:196)
[2018-02-17 02:35:38]     INFO --- All files are zipped(PART_1_FINAL.py:196)
[2018-02-17 02:35:38]     INFO --- All files are zipped(PART_1_FINAL.py:196)
[2018-02-17 02:35:38]     INFO --- All files are zipped(PART_1_FINAL.py:196)
[2018-02-17 02:35:38]     INFO --- All files are zipped(PART_1_FINAL.py:196)
[2018-02-17 02:35:38]     INFO --- All files are zipped(PART_1_FINAL.py:196)
[2018-02-17 02:35:38]     INFO --- All files are zipped(PART_1_FINAL.py:196)
[2018-02-17 02:35:38]     INFO --- All files are zipped(PART_1_FINAL.py:196)
[2018-02-17 02:35:38]     INFO --- All files are zipped(PART_1_FINAL.py:196)
[2018-02-17 02:35:38]     INFO --- All files are zipped(PART_1_FINAL.py:196)
[2018-02-17 02:35:38]     INFO --- All files are zipped(PART_1_FINAL.py:196)
[2018-02-17 02:35:38]     INFO --- All files are zipped(PART_1_FINAL.py:196)
[2018-02-17 02:35:38]     INFO --- All files are zipped(PART_1_FINAL.py:196)
[2018-02-17 02:35:38]     INFO --- All files are zipped(PART_1_FINAL.py:196)
[2018-02-17 02:35:38]     INFO --- All files are zipped(PART_1_FINAL.py:196)
[2018-02-17 02:35:38]     INFO --- All files are zipped(PART_1_FINAL.py:196)
[2018-02-17 02:35:38]     INFO --- All files are zipped(PART_1_FINAL.py:196)
[2018-02-17 02:35:38]     INFO --- All files are zipped(PART_1_FINAL.py:196)
[2018-02-17 02:35:38]     INFO --- All files are zipped(PART_1_FINAL.py:196)
[2018-02-17 02:35:38]     INFO --- All files are zipped(PART_1_FINAL.py:196)
[2018-02-17 02:35:38]     INFO --- All files are zipped(PART_1_FINAL.py:196)
[2018-02-17 02:35:38]     INFO --- All files are zipped(PART_1_FINAL.py:196)
[2018-02-17 02:35:38]     INFO --- All files are zipped(PART_1_FINAL.py:196)
[2018-02-17 02:35:38]     INFO --- All files are zipped(PART_1_FINAL.py:196)
[2018-02-17 02:35:38]     INFO --- All files are zipped(PART_1_FINAL.py:196)
[2018-02-17 02:35:38]     INFO --- All files are zipped(PART_1_FINAL.py:196)
[2018-02-17 02:35:38]     INFO --- All files are zipped(PART_1_FINAL.py:196)
[2018-02-17 02:35:38]     INFO --- All files are zipped(PART_1_FINAL.py:196)
[2018-02-17 02:35:38]     INFO --- All files are zipped(PART_1_FINAL.py:196)
[2018-02-17 02:35:38]     INFO --- All files are zipped(PART_1_FINAL.py:196)
[2018-02-17 02:35:38]     INFO --- All files are zipped(PART_1_FINAL.py:196)
[2018-02-17 02:35:38]     INFO --- All files are zipped(PART_1_FINAL.py:196)
[2018-02-17 02:35:38]     INFO --- All files are zipped(PART_1_FINAL.py:196)
[2018-02-17 02:35:38]     INFO --- All files are zipped(PART_1_FINAL.py:196)
[2018-02-17 02:35:38]     INFO --- All files are zipped(PART_1_FINAL.py:196)
[2018-02-17 02:35:38]     INFO --- All files are zipped(PART_1_FINAL.py:196)
[2018-02-17 02:35:38]     INFO --- All files are zipped(PART_1_FINAL.py:196)
[2018-02-17 02:35:38]     INFO --- All files are zipped(PART_1_FINAL.py:196)
[2018-02-17 02:35:38]     INFO --- All files are zipped(PART_1_FINAL.py:196)
[2018-02-17 02:35:38]     INFO --- All files are zipped(PART_1_FINAL.py:196)
[2018-02-17 02:35:38]     INFO --- All files are zipped(PART_1_FINAL.py:196)
[2018-02-17 02:35:38]     INFO --- All files are zipped(PART_1_FINAL.py:196)
[2018-02-17 02:35:38]     INFO --- All files are zipped(PART_1_FINAL.py:196)
[2018-02-17 02:35:38]     INFO --- All files are zipped(PART_1_FINAL.py:196)
[2018-02-17 02:35:38]     INFO --- All files are zipped(PART_1_FINAL.py:196)
[2018-02-17 02:35:38]     INFO --- All files are zipped(PART_1_FINAL.py:196)
[2018-02-17 02:35:38]     INFO --- All files are zipped(PART_1_FINAL.py:196)
[2018-02-17 02:35:38]     INFO --- All files are zipped(PART_1_FINAL.py:196)
[2018-02-17 02:35:38]     INFO --- All files are zipped(PART_1_FINAL.py:196)
[2018-02-17 02:35:38]     INFO --- All files are zipped(PART_1_FINAL.py:196)
[2018-02-17 02:35:38]     INFO --- All files are zipped(PART_1_FINAL.py:196)
[2018-02-17 02:35:38]     INFO --- All files are zipped(PART_1_FINAL.py:196)
[2018-02-17 02:35:38]     INFO --- All files are zipped(PART_1_FINAL.py:196)
[2018-02-17 02:35:38]     INFO --- All files are zipped(PART_1_FINAL.py:196)
[2018-02-17 02:35:38]     INFO --- All files are zipped(PART_1_FINAL.py:196)
[2018-02-17 02:35:38]     INFO --- All files are zipped(PART_1_FINAL.py:196)
[2018-02-17 02:35:38]     INFO --- All files are zipped(PART_1_FINAL.py:196)
[2018-02-17 02:35:38]     INFO --- All files are zipped(PART_1_FINAL.py:196)
[2018-02-17 02:35:38]     INFO --- All files are zipped(PART_1_FINAL.py:196)
[2018-02-17 02:35:38]     INFO --- All files are zipped(PART_1_FINAL.py:196)
[2018-02-17 02:35:38]     INFO --- All files are zipped(PART_1_FINAL.py:196)
[2018-02-17 02:35:38]     INFO --- All files are zipped(PART_1_FINAL.py:196)
[2018-02-17 02:35:38]     INFO --- All files are zipped(PART_1_FINAL.py:196)
[2018-02-17 02:35:38]     INFO --- All files are zipped(PART_1_FINAL.py:196)
[2018-02-17 02:35:38]     INFO --- All files are zipped(PART_1_FINAL.py:196)
[2018-02-17 02:35:38]     INFO --- All files are zipped(PART_1_FINAL.py:196)
[2018-02-17 02:35:38]     INFO --- All files are zipped(PART_1_FINAL.py:196)
[2018-02-17 02:35:38]     INFO --- All files are zipped(PART_1_FINAL.py:196)
[2018-02-17 02:35:38]     INFO --- All files are zipped(PART_1_FINAL.py:196)
[2018-02-17 02:35:38]     INFO --- All files are zipped(PART_1_FINAL.py:196)
[2018-02-17 02:35:38]     INFO --- All files are zipped(PART_1_FINAL.py:196)
[2018-02-17 02:35:38]     INFO --- All files are zipped(PART_1_FINAL.py:196)
[2018-02-17 02:35:38]     INFO --- All files are zipped(PART_1_FINAL.py:196)
[2018-02-17 02:35:38]     INFO --- All files are zipped(PART_1_FINAL.py:196)
[2018-02-17 02:35:38]     INFO --- All files are zipped(PART_1_FINAL.py:196)
[2018-02-17 02:35:38]     INFO --- All files are zipped(PART_1_FINAL.py:196)
[2018-02-17 02:35:38]     INFO --- All files are zipped(PART_1_FINAL.py:196)
[2018-02-17 02:35:38]     INFO --- All files are zipped(PART_1_FINAL.py:196)
[2018-02-17 02:35:38]     INFO --- All files are zipped(PART_1_FINAL.py:196)
[2018-02-17 02:35:38]     INFO --- All files are zipped(PART_1_FINAL.py:196)
[2018-02-17 02:35:38]     INFO --- All files are zipped(PART_1_FINAL.py:196)
[2018-02-17 02:35:39]     INFO --- All files are zipped(PART_1_FINAL.py:196)
[2018-02-17 02:35:39]     INFO --- All files are zipped(PART_1_FINAL.py:196)
[2018-02-17 02:35:39]     INFO --- All files are zipped(PART_1_FINAL.py:196)
[2018-02-17 02:35:39]     INFO --- All files are zipped(PART_1_FINAL.py:196)
[2018-02-17 02:35:39]     INFO --- All files are zipped(PART_1_FINAL.py:196)
[2018-02-17 02:35:39]     INFO --- All files are zipped(PART_1_FINAL.py:196)
[2018-02-17 02:35:39]     INFO --- All files are zipped(PART_1_FINAL.py:196)
[2018-02-17 02:35:39]     INFO --- All files are zipped(PART_1_FINAL.py:196)
[2018-02-17 02:35:39]     INFO --- All files are zipped(PART_1_FINAL.py:196)
[2018-02-17 02:35:39]     INFO --- All files are zipped(PART_1_FINAL.py:196)
[2018-02-17 02:35:39]     INFO --- All files are zipped(PART_1_FINAL.py:196)
[2018-02-17 02:35:39]     INFO --- All files are zipped(PART_1_FINAL.py:196)
[2018-02-17 02:35:39]     INFO --- All files are zipped(PART_1_FINAL.py:196)
[2018-02-17 02:35:39]     INFO --- All files are zipped(PART_1_FINAL.py:196)
[2018-02-17 02:35:39]     INFO --- All files are zipped(PART_1_FINAL.py:196)
[2018-02-17 02:35:39]     INFO --- All files are zipped(PART_1_FINAL.py:196)
[2018-02-17 02:35:39]     INFO --- All files are zipped(PART_1_FINAL.py:196)
[2018-02-17 02:35:39]     INFO --- All files are zipped(PART_1_FINAL.py:196)
[2018-02-17 02:35:39]     INFO --- All files are zipped(PART_1_FINAL.py:196)
[2018-02-17 02:35:39]     INFO --- All files are zipped(PART_1_FINAL.py:196)
[2018-02-17 02:35:39]     INFO --- All files are zipped(PART_1_FINAL.py:196)
[2018-02-17 02:35:39]     INFO --- All files are zipped(PART_1_FINAL.py:196)
[2018-02-17 02:35:39]     INFO --- All files are zipped(PART_1_FINAL.py:196)
[2018-02-17 02:35:39]     INFO --- All files are zipped(PART_1_FINAL.py:196)
[2018-02-17 02:35:39]     INFO --- All files are zipped(PART_1_FINAL.py:196)
[2018-02-17 02:35:39]     INFO --- All files are zipped(PART_1_FINAL.py:196)
[2018-02-17 02:35:39]     INFO --- All files are zipped(PART_1_FINAL.py:196)
[2018-02-17 02:35:39]     INFO --- All files are zipped(PART_1_FINAL.py:196)
[2018-02-17 02:35:39]     INFO --- All files are zipped(PART_1_FINAL.py:196)
[2018-02-17 02:35:39]     INFO --- All files are zipped(PART_1_FINAL.py:196)
[2018-02-17 02:35:39]     INFO --- All files are zipped(PART_1_FINAL.py:196)
[2018-02-17 02:35:39]     INFO --- All files are zipped(PART_1_FINAL.py:196)
[2018-02-17 02:35:39]     INFO --- All files are zipped(PART_1_FINAL.py:196)
[2018-02-17 02:35:39]     INFO --- All files are zipped(PART_1_FINAL.py:196)
[2018-02-17 02:35:39]     INFO --- All files are zipped(PART_1_FINAL.py:196)
[2018-02-17 02:35:39]     INFO --- All files are zipped(PART_1_FINAL.py:196)
[2018-02-17 02:35:39]     INFO --- All files are zipped(PART_1_FINAL.py:196)
[2018-02-17 02:35:39]     INFO --- All files are zipped(PART_1_FINAL.py:196)
[2018-02-17 02:35:39]     INFO --- All files are zipped(PART_1_FINAL.py:196)
[2018-02-17 02:35:39]     INFO --- All files are zipped(PART_1_FINAL.py:196)
[2018-02-17 02:35:39]     INFO --- All files are zipped(PART_1_FINAL.py:196)
[2018-02-17 02:35:39]     INFO --- All files are zipped(PART_1_FINAL.py:196)
[2018-02-17 02:35:39]     INFO --- All files are zipped(PART_1_FINAL.py:196)
[2018-02-17 02:35:39]     INFO --- All files are zipped(PART_1_FINAL.py:196)
[2018-02-17 02:35:39]     INFO --- All files are zipped(PART_1_FINAL.py:196)
[2018-02-17 02:35:39]     INFO --- All files are zipped(PART_1_FINAL.py:196)
[2018-02-17 02:35:39]     INFO --- All files are zipped(PART_1_FINAL.py:196)
[2018-02-17 02:35:39]     INFO --- All files are zipped(PART_1_FINAL.py:196)
[2018-02-17 02:35:39]     INFO --- All files are zipped(PART_1_FINAL.py:196)
[2018-02-17 02:35:39]     INFO --- All files are zipped(PART_1_FINAL.py:196)
[2018-02-17 02:35:39]     INFO --- All files are zipped(PART_1_FINAL.py:196)
[2018-02-17 02:35:39]     INFO --- All files are zipped(PART_1_FINAL.py:196)
[2018-02-17 02:35:39]     INFO --- All files are zipped(PART_1_FINAL.py:196)
[2018-02-17 02:35:39]     INFO --- All files are zipped(PART_1_FINAL.py:196)
[2018-02-17 02:35:39]     INFO --- All files are zipped(PART_1_FINAL.py:196)
[2018-02-17 02:35:39]     INFO --- All files are zipped(PART_1_FINAL.py:196)
[2018-02-17 02:35:39]     INFO --- All files are zipped(PART_1_FINAL.py:196)
[2018-02-17 02:35:39]     INFO --- All files are zipped(PART_1_FINAL.py:196)
[2018-02-17 02:35:39]     INFO --- All files are zipped(PART_1_FINAL.py:196)
[2018-02-17 02:35:39]     INFO --- All files are zipped(PART_1_FINAL.py:196)
[2018-02-17 02:35:39]     INFO --- All files are zipped(PART_1_FINAL.py:196)
[2018-02-17 02:35:39]     INFO --- All files are zipped(PART_1_FINAL.py:196)
[2018-02-17 02:35:39]     INFO --- All files are zipped(PART_1_FINAL.py:196)
[2018-02-17 02:35:39]     INFO --- All files are zipped(PART_1_FINAL.py:196)
[2018-02-17 02:35:39]     INFO --- All files are zipped(PART_1_FINAL.py:196)
[2018-02-17 02:35:39]     INFO --- All files are zipped(PART_1_FINAL.py:196)
[2018-02-17 02:35:39]     INFO --- All files are zipped(PART_1_FINAL.py:196)
[2018-02-17 02:35:39]     INFO --- All files are zipped(PART_1_FINAL.py:196)
[2018-02-17 02:35:39]     INFO --- All files are zipped(PART_1_FINAL.py:196)
[2018-02-17 02:35:39]     INFO --- All files are zipped(PART_1_FINAL.py:196)
[2018-02-17 02:35:39]     INFO --- All files are zipped(PART_1_FINAL.py:196)
[2018-02-17 02:35:39]     INFO --- All files are zipped(PART_1_FINAL.py:196)
[2018-02-17 02:35:39]     INFO --- All files are zipped(PART_1_FINAL.py:196)
[2018-02-17 02:35:39]     INFO --- All files are zipped(PART_1_FINAL.py:196)
[2018-02-17 02:35:39]     INFO --- All files are zipped(PART_1_FINAL.py:196)
[2018-02-17 02:35:39]     INFO --- All files are zipped(PART_1_FINAL.py:196)
[2018-02-17 02:35:39]     INFO --- All files are zipped(PART_1_FINAL.py:196)
[2018-02-17 02:35:39]     INFO --- All files are zipped(PART_1_FINAL.py:196)
[2018-02-17 02:35:39]     INFO --- All files are zipped(PART_1_FINAL.py:196)
[2018-02-17 02:35:39]     INFO --- All files are zipped(PART_1_FINAL.py:196)
[2018-02-17 02:35:39]     INFO --- All files are zipped(PART_1_FINAL.py:196)
[2018-02-17 02:35:39]     INFO --- All files are zipped(PART_1_FINAL.py:196)
[2018-02-17 02:35:39]     INFO --- All files are zipped(PART_1_FINAL.py:196)
[2018-02-17 02:35:39]     INFO --- All files are zipped(PART_1_FINAL.py:196)
[2018-02-17 02:35:39]     INFO --- All files are zipped(PART_1_FINAL.py:196)
[2018-02-17 02:35:39]     INFO --- All files are zipped(PART_1_FINAL.py:196)
[2018-02-17 02:35:39]     INFO --- All files are zipped(PART_1_FINAL.py:196)
[2018-02-17 02:35:39]     INFO --- All files are zipped(PART_1_FINAL.py:196)
[2018-02-17 02:35:39]     INFO --- All files are zipped(PART_1_FINAL.py:196)
[2018-02-17 02:35:39]     INFO --- All files are zipped(PART_1_FINAL.py:196)
[2018-02-17 02:35:39]     INFO --- All files are zipped(PART_1_FINAL.py:196)
[2018-02-17 02:35:39]     INFO --- All files are zipped(PART_1_FINAL.py:196)
[2018-02-17 02:35:39]     INFO --- All files are zipped(PART_1_FINAL.py:196)
[2018-02-17 02:35:39]     INFO --- All files are zipped(PART_1_FINAL.py:196)
[2018-02-17 02:35:39]     INFO --- All files are zipped(PART_1_FINAL.py:196)
[2018-02-17 02:35:39]     INFO --- All files are zipped(PART_1_FINAL.py:196)
[2018-02-17 02:35:39]     INFO --- All files are zipped(PART_1_FINAL.py:196)
[2018-02-17 02:35:39]     INFO --- All files are zipped(PART_1_FINAL.py:196)
[2018-02-17 02:35:39]     INFO --- All files are zipped(PART_1_FINAL.py:196)
[2018-02-17 02:35:39]     INFO --- All files are zipped(PART_1_FINAL.py:196)
[2018-02-17 02:35:39]     INFO --- All files are zipped(PART_1_FINAL.py:196)
[2018-02-17 02:35:39]     INFO --- All files are zipped(PART_1_FINAL.py:196)
[2018-02-17 02:35:39]     INFO --- All files are zipped(PART_1_FINAL.py:196)
[2018-02-17 02:35:39]     INFO --- All files are zipped(PART_1_FINAL.py:196)
[2018-02-17 02:35:39]     INFO --- All files are zipped(PART_1_FINAL.py:196)
[2018-02-17 02:35:39]     INFO --- All files are zipped(PART_1_FINAL.py:196)
[2018-02-17 02:35:39]     INFO --- All files are zipped(PART_1_FINAL.py:196)
[2018-02-17 02:35:39]     INFO --- All files are zipped(PART_1_FINAL.py:196)
[2018-02-17 02:35:39]     INFO --- All files are zipped(PART_1_FINAL.py:196)
[2018-02-17 02:35:39]     INFO --- All files are zipped(PART_1_FINAL.py:196)
[2018-02-17 02:35:39]     INFO --- All files are zipped(PART_1_FINAL.py:196)
[2018-02-17 02:35:39]     INFO --- All files are zipped(PART_1_FINAL.py:196)
[2018-02-17 02:35:39]     INFO --- All files are zipped(PART_1_FINAL.py:196)
[2018-02-17 02:35:39]     INFO --- All files are zipped(PART_1_FINAL.py:196)
[2018-02-17 02:35:39]     INFO --- All files are zipped(PART_1_FINAL.py:196)
[2018-02-17 02:35:39]     INFO --- All files are zipped(PART_1_FINAL.py:196)
[2018-02-17 02:35:39]     INFO --- All files are zipped(PART_1_FINAL.py:196)
[2018-02-17 02:35:39]     INFO --- All files are zipped(PART_1_FINAL.py:196)
[2018-02-17 02:35:39]     INFO --- All files are zipped(PART_1_FINAL.py:196)
[2018-02-17 02:35:39]     INFO --- All files are zipped(PART_1_FINAL.py:196)
[2018-02-17 02:35:39]     INFO --- All files are zipped(PART_1_FINAL.py:196)
[2018-02-17 02:35:39]     INFO --- All files are zipped(PART_1_FINAL.py:196)
[2018-02-17 02:35:39]     INFO --- All files are zipped(PART_1_FINAL.py:196)
[2018-02-17 02:35:39]     INFO --- All files are zipped(PART_1_FINAL.py:196)
[2018-02-17 02:35:39]     INFO --- All files are zipped(PART_1_FINAL.py:196)
[2018-02-17 02:35:39]     INFO --- All files are zipped(PART_1_FINAL.py:196)
[2018-02-17 02:35:39]     INFO --- All files are zipped(PART_1_FINAL.py:196)
[2018-02-17 02:35:39]     INFO --- All files are zipped(PART_1_FINAL.py:196)
[2018-02-17 02:35:39]     INFO --- All files are zipped(PART_1_FINAL.py:196)
[2018-02-17 02:35:39]     INFO --- All files are zipped(PART_1_FINAL.py:196)
[2018-02-17 02:35:39]     INFO --- All files are zipped(PART_1_FINAL.py:196)
[2018-02-17 02:35:39]     INFO --- All files are zipped(PART_1_FINAL.py:196)
[2018-02-17 02:35:39]     INFO --- All files are zipped(PART_1_FINAL.py:196)
[2018-02-17 02:35:39]     INFO --- All files are zipped(PART_1_FINAL.py:196)
[2018-02-17 02:35:39]     INFO --- All files are zipped(PART_1_FINAL.py:196)
[2018-02-17 02:35:39]     INFO --- All files are zipped(PART_1_FINAL.py:196)
[2018-02-17 02:35:39]     INFO --- All files are zipped(PART_1_FINAL.py:196)
[2018-02-17 02:35:39]     INFO --- All files are zipped(PART_1_FINAL.py:196)
[2018-02-17 02:35:39]     INFO --- All files are zipped(PART_1_FINAL.py:196)
[2018-02-17 02:35:39]     INFO --- All files are zipped(PART_1_FINAL.py:196)
[2018-02-17 02:35:39]     INFO --- All files are zipped(PART_1_FINAL.py:196)
[2018-02-17 02:35:39]     INFO --- All files are zipped(PART_1_FINAL.py:196)
[2018-02-17 02:35:39]     INFO --- All files are zipped(PART_1_FINAL.py:196)
[2018-02-17 02:35:39]     INFO --- All files are zipped(PART_1_FINAL.py:196)
[2018-02-17 02:35:39]     INFO --- All files are zipped(PART_1_FINAL.py:196)
[2018-02-17 02:35:39]     INFO --- All files are zipped(PART_1_FINAL.py:196)
[2018-02-17 02:35:39]     INFO --- All files are zipped(PART_1_FINAL.py:196)
[2018-02-17 02:35:39]     INFO --- All files are zipped(PART_1_FINAL.py:196)
[2018-02-17 02:35:39]     INFO --- All files are zipped(PART_1_FINAL.py:196)
[2018-02-17 02:35:39]     INFO --- All files are zipped(PART_1_FINAL.py:196)
[2018-02-17 02:35:39]     INFO --- All files are zipped(PART_1_FINAL.py:196)
[2018-02-17 02:35:39]     INFO --- All files are zipped(PART_1_FINAL.py:196)
[2018-02-17 02:35:39]     INFO --- All files are zipped(PART_1_FINAL.py:196)
[2018-02-17 02:35:39]     INFO --- All files are zipped(PART_1_FINAL.py:196)
[2018-02-17 02:35:39]     INFO --- All files are zipped(PART_1_FINAL.py:196)
[2018-02-17 02:35:39]     INFO --- All files are zipped(PART_1_FINAL.py:196)
[2018-02-17 02:35:39]     INFO --- All files are zipped(PART_1_FINAL.py:196)
[2018-02-17 02:35:39]     INFO --- All files are zipped(PART_1_FINAL.py:196)
[2018-02-17 02:35:39]     INFO --- All files are zipped(PART_1_FINAL.py:196)
[2018-02-17 02:35:39]     INFO --- All files are zipped(PART_1_FINAL.py:196)
[2018-02-17 02:35:39]     INFO --- All files are zipped(PART_1_FINAL.py:196)
[2018-02-17 02:35:39]     INFO --- All files are zipped(PART_1_FINAL.py:196)
[2018-02-17 02:35:39]     INFO --- All files are zipped(PART_1_FINAL.py:196)
[2018-02-17 02:35:39]     INFO --- All files are zipped(PART_1_FINAL.py:196)
[2018-02-17 02:35:39]     INFO --- All files are zipped(PART_1_FINAL.py:196)
[2018-02-17 02:35:39]     INFO --- All files are zipped(PART_1_FINAL.py:196)
[2018-02-17 02:35:39]     INFO --- All files are zipped(PART_1_FINAL.py:196)
[2018-02-17 02:35:39]     INFO --- All files are zipped(PART_1_FINAL.py:196)
[2018-02-17 02:35:39]     INFO --- All files are zipped(PART_1_FINAL.py:196)
[2018-02-17 02:35:39]     INFO --- All files are zipped(PART_1_FINAL.py:196)
[2018-02-17 02:35:39]     INFO --- All files are zipped(PART_1_FINAL.py:196)
[2018-02-17 02:35:39]     INFO --- All files are zipped(PART_1_FINAL.py:196)
[2018-02-17 02:35:39]     INFO --- All files are zipped(PART_1_FINAL.py:196)
[2018-02-17 02:35:39]     INFO --- All files are zipped(PART_1_FINAL.py:196)
[2018-02-17 02:35:39]     INFO --- All files are zipped(PART_1_FINAL.py:196)
[2018-02-17 02:35:39]     INFO --- All files are zipped(PART_1_FINAL.py:196)
[2018-02-17 02:35:39]     INFO --- All files are zipped(PART_1_FINAL.py:196)
[2018-02-17 02:35:39]     INFO --- All files are zipped(PART_1_FINAL.py:196)
[2018-02-17 02:35:39]     INFO --- All files are zipped(PART_1_FINAL.py:196)
[2018-02-17 02:35:39]     INFO --- All files are zipped(PART_1_FINAL.py:196)
[2018-02-17 02:35:39]     INFO --- All files are zipped(PART_1_FINAL.py:196)
[2018-02-17 02:35:39]     INFO --- All files are zipped(PART_1_FINAL.py:196)
[2018-02-17 02:35:39]     INFO --- All files are zipped(PART_1_FINAL.py:196)
[2018-02-17 02:35:39]     INFO --- All files are zipped(PART_1_FINAL.py:196)
[2018-02-17 02:35:39]     INFO --- All files are zipped(PART_1_FINAL.py:196)
[2018-02-17 02:35:39]     INFO --- All files are zipped(PART_1_FINAL.py:196)
[2018-02-17 02:35:39]     INFO --- All files are zipped(PART_1_FINAL.py:196)
[2018-02-17 02:35:39]     INFO --- All files are zipped(PART_1_FINAL.py:196)
[2018-02-17 02:35:39]     INFO --- All files are zipped(PART_1_FINAL.py:196)
[2018-02-17 02:35:39]     INFO --- All files are zipped(PART_1_FINAL.py:196)
[2018-02-17 02:35:39]     INFO --- All files are zipped(PART_1_FINAL.py:196)
[2018-02-17 02:35:39]     INFO --- All files are zipped(PART_1_FINAL.py:196)
[2018-02-17 02:35:39]     INFO --- All files are zipped(PART_1_FINAL.py:196)
[2018-02-17 02:35:39]     INFO --- All files are zipped(PART_1_FINAL.py:196)
[2018-02-17 02:35:39]     INFO --- All files are zipped(PART_1_FINAL.py:196)
[2018-02-17 02:35:39]     INFO --- All files are zipped(PART_1_FINAL.py:196)
[2018-02-17 02:35:39]     INFO --- All files are zipped(PART_1_FINAL.py:196)
[2018-02-17 02:35:39]     INFO --- All files are zipped(PART_1_FINAL.py:196)
[2018-02-17 02:35:39]     INFO --- All files are zipped(PART_1_FINAL.py:196)
[2018-02-17 02:35:39]     INFO --- All files are zipped(PART_1_FINAL.py:196)
[2018-02-17 02:35:39]     INFO --- All files are zipped(PART_1_FINAL.py:196)
[2018-02-17 02:35:39]     INFO --- All files are zipped(PART_1_FINAL.py:196)
[2018-02-17 02:35:39]     INFO --- All files are zipped(PART_1_FINAL.py:196)
[2018-02-17 02:35:39]     INFO --- All files are zipped(PART_1_FINAL.py:196)
[2018-02-17 02:35:39]     INFO --- All files are zipped(PART_1_FINAL.py:196)
[2018-02-17 02:35:39]     INFO --- All files are zipped(PART_1_FINAL.py:196)
[2018-02-17 02:35:39]     INFO --- All files are zipped(PART_1_FINAL.py:196)
[2018-02-17 02:35:39]     INFO --- All files are zipped(PART_1_FINAL.py:196)
[2018-02-17 02:35:39]     INFO --- All files are zipped(PART_1_FINAL.py:196)
[2018-02-17 02:35:39]     INFO --- All files are zipped(PART_1_FINAL.py:196)
[2018-02-17 02:35:39]     INFO --- All files are zipped(PART_1_FINAL.py:196)
[2018-02-17 02:35:39]     INFO --- All files are zipped(PART_1_FINAL.py:196)
[2018-02-17 02:35:39]     INFO --- All files are zipped(PART_1_FINAL.py:196)
[2018-02-17 02:35:39]     INFO --- All files are zipped(PART_1_FINAL.py:196)
[2018-02-17 02:35:39]     INFO --- All files are zipped(PART_1_FINAL.py:196)
[2018-02-17 02:35:39]     INFO --- All files are zipped(PART_1_FINAL.py:196)
[2018-02-17 02:35:39]     INFO --- All files are zipped(PART_1_FINAL.py:196)
[2018-02-17 02:35:39]     INFO --- All files are zipped(PART_1_FINAL.py:196)
[2018-02-17 02:35:39]     INFO --- All files are zipped(PART_1_FINAL.py:196)
[2018-02-17 02:35:39]     INFO --- All files are zipped(PART_1_FINAL.py:196)
[2018-02-17 02:35:39]     INFO --- All files are zipped(PART_1_FINAL.py:196)
[2018-02-17 02:35:39]     INFO --- All files are zipped(PART_1_FINAL.py:196)
[2018-02-17 02:35:39]     INFO --- All files are zipped(PART_1_FINAL.py:196)
[2018-02-17 02:35:39]     INFO --- All files are zipped(PART_1_FINAL.py:196)
[2018-02-17 02:35:40]     INFO --- All files are zipped(PART_1_FINAL.py:196)
[2018-02-17 02:35:40]     INFO --- All files are zipped(PART_1_FINAL.py:196)
[2018-02-17 02:35:40]     INFO --- All files are zipped(PART_1_FINAL.py:196)
[2018-02-17 02:35:40]     INFO --- All files are zipped(PART_1_FINAL.py:196)
[2018-02-17 02:35:40]     INFO --- All files are zipped(PART_1_FINAL.py:196)
[2018-02-17 02:35:40]     INFO --- All files are zipped(PART_1_FINAL.py:196)
[2018-02-17 02:35:40]     INFO --- All files are zipped(PART_1_FINAL.py:196)
[2018-02-17 02:35:40]     INFO --- All files are zipped(PART_1_FINAL.py:196)
[2018-02-17 02:35:40]     INFO --- All files are zipped(PART_1_FINAL.py:196)
[2018-02-17 02:35:40]     INFO --- All files are zipped(PART_1_FINAL.py:196)
[2018-02-17 02:35:40]     INFO --- All files are zipped(PART_1_FINAL.py:196)
[2018-02-17 02:35:40]     INFO --- All files are zipped(PART_1_FINAL.py:196)
[2018-02-17 02:35:40]     INFO --- All files are zipped(PART_1_FINAL.py:196)
[2018-02-17 02:35:40]     INFO --- All files are zipped(PART_1_FINAL.py:196)
[2018-02-17 02:35:40]     INFO --- All files are zipped(PART_1_FINAL.py:196)
[2018-02-17 02:35:40]     INFO --- All files are zipped(PART_1_FINAL.py:196)
[2018-02-17 02:35:40]     INFO --- All files are zipped(PART_1_FINAL.py:196)
[2018-02-17 02:35:40]     INFO --- All files are zipped(PART_1_FINAL.py:196)
[2018-02-17 02:35:40]     INFO --- All files are zipped(PART_1_FINAL.py:196)
[2018-02-17 02:35:40]     INFO --- All files are zipped(PART_1_FINAL.py:196)
[2018-02-17 02:35:40]     INFO --- All files are zipped(PART_1_FINAL.py:196)
[2018-02-17 02:35:40]     INFO --- All files are zipped(PART_1_FINAL.py:196)
[2018-02-17 02:35:40]     INFO --- All files are zipped(PART_1_FINAL.py:196)
[2018-02-17 02:35:40]     INFO --- All files are zipped(PART_1_FINAL.py:196)
[2018-02-17 02:35:40]     INFO --- All files are zipped(PART_1_FINAL.py:196)
[2018-02-17 02:35:40]     INFO --- All files are zipped(PART_1_FINAL.py:196)
[2018-02-17 02:35:40]     INFO --- All files are zipped(PART_1_FINAL.py:196)
[2018-02-17 02:35:40]     INFO --- All files are zipped(PART_1_FINAL.py:196)
[2018-02-17 02:35:40]     INFO --- All files are zipped(PART_1_FINAL.py:196)
[2018-02-17 02:35:40]     INFO --- All files are zipped(PART_1_FINAL.py:196)
[2018-02-17 02:35:40]     INFO --- All files are zipped(PART_1_FINAL.py:196)
[2018-02-17 02:35:40]     INFO --- All files are zipped(PART_1_FINAL.py:196)
[2018-02-17 02:35:40]     INFO --- All files are zipped(PART_1_FINAL.py:196)
[2018-02-17 02:35:40]     INFO --- All files are zipped(PART_1_FINAL.py:196)
[2018-02-17 02:35:40]     INFO --- All files are zipped(PART_1_FINAL.py:196)
[2018-02-17 02:35:40]     INFO --- All files are zipped(PART_1_FINAL.py:196)
[2018-02-17 02:35:40]     INFO --- All files are zipped(PART_1_FINAL.py:196)
[2018-02-17 02:35:40]     INFO --- All files are zipped(PART_1_FINAL.py:196)
[2018-02-17 02:35:40]     INFO --- All files are zipped(PART_1_FINAL.py:196)
[2018-02-17 02:35:40]     INFO --- All files are zipped(PART_1_FINAL.py:196)
[2018-02-17 02:35:40]     INFO --- All files are zipped(PART_1_FINAL.py:196)
[2018-02-17 02:35:40]     INFO --- All files are zipped(PART_1_FINAL.py:196)
[2018-02-17 02:35:40]     INFO --- All files are zipped(PART_1_FINAL.py:196)
[2018-02-17 02:35:40]     INFO --- All files are zipped(PART_1_FINAL.py:196)
[2018-02-17 02:35:40]     INFO --- All files are zipped(PART_1_FINAL.py:196)
[2018-02-17 02:35:40]     INFO --- All files are zipped(PART_1_FINAL.py:196)
[2018-02-17 02:35:40]     INFO --- All files are zipped(PART_1_FINAL.py:196)
[2018-02-17 02:35:40]     INFO --- All files are zipped(PART_1_FINAL.py:196)
[2018-02-17 02:35:40]     INFO --- All files are zipped(PART_1_FINAL.py:196)
[2018-02-17 02:35:40]     INFO --- All files are zipped(PART_1_FINAL.py:196)
[2018-02-17 02:35:40]     INFO --- All files are zipped(PART_1_FINAL.py:196)
[2018-02-17 02:35:40]     INFO --- All files are zipped(PART_1_FINAL.py:196)
[2018-02-17 02:35:40]     INFO --- All files are zipped(PART_1_FINAL.py:196)
[2018-02-17 02:35:40]     INFO --- All files are zipped(PART_1_FINAL.py:196)
[2018-02-17 02:35:40]     INFO --- All files are zipped(PART_1_FINAL.py:196)
[2018-02-17 02:35:40]     INFO --- All files are zipped(PART_1_FINAL.py:196)
[2018-02-17 02:35:40]     INFO --- All files are zipped(PART_1_FINAL.py:196)
[2018-02-17 02:35:40]     INFO --- All files are zipped(PART_1_FINAL.py:196)
[2018-02-17 02:35:40]     INFO --- All files are zipped(PART_1_FINAL.py:196)
[2018-02-17 02:35:40]     INFO --- All files are zipped(PART_1_FINAL.py:196)
[2018-02-17 02:35:40]     INFO --- All files are zipped(PART_1_FINAL.py:196)
[2018-02-17 02:35:40]     INFO --- All files are zipped(PART_1_FINAL.py:196)
[2018-02-17 02:35:40]     INFO --- All files are zipped(PART_1_FINAL.py:196)
[2018-02-17 02:35:40]     INFO --- All files are zipped(PART_1_FINAL.py:196)
[2018-02-17 02:35:40]     INFO --- All files are zipped(PART_1_FINAL.py:196)
[2018-02-17 02:35:40]     INFO --- Uploading files to amazon(PART_1_FINAL.py:204)
[2018-02-17 02:35:40]    DEBUG --- Loading variable profile from defaults.(session.py:287)
[2018-02-17 02:35:40]    DEBUG --- Loading variable config_file from defaults.(session.py:287)
[2018-02-17 02:35:40]    DEBUG --- Loading variable credentials_file from defaults.(session.py:287)
[2018-02-17 02:35:40]    DEBUG --- Loading variable data_path from defaults.(session.py:287)
[2018-02-17 02:35:40]    DEBUG --- Loading variable profile from defaults.(session.py:287)
[2018-02-17 02:35:40]    DEBUG --- Loading variable ca_bundle from defaults.(session.py:287)
[2018-02-17 02:35:40]    DEBUG --- Loading variable profile from defaults.(session.py:287)
[2018-02-17 02:35:40]    DEBUG --- Loading variable api_versions from defaults.(session.py:287)
[2018-02-17 02:35:40]    DEBUG --- Loading JSON file: /usr/local/lib/python3.6/site-packages/botocore/data/endpoints.json(loaders.py:174)
[2018-02-17 02:35:40]    DEBUG --- Loading variable profile from defaults.(session.py:287)
[2018-02-17 02:35:40]    DEBUG --- Event choose-service-name: calling handler <function handle_service_name_alias at 0x7fb6cc72e730>(hooks.py:209)
[2018-02-17 02:35:40]    DEBUG --- Loading JSON file: /usr/local/lib/python3.6/site-packages/botocore/data/s3/2006-03-01/service-2.json(loaders.py:174)
[2018-02-17 02:35:40]    DEBUG --- Event creating-client-class.s3: calling handler <function add_generate_presigned_post at 0x7fb6cc78c488>(hooks.py:209)
[2018-02-17 02:35:40]    DEBUG --- Event creating-client-class.s3: calling handler <function lazy_call.<locals>._handler at 0x7fb6cb93e1e0>(hooks.py:209)
[2018-02-17 02:35:40]    DEBUG --- Event creating-client-class.s3: calling handler <function add_generate_presigned_url at 0x7fb6cc78c268>(hooks.py:209)
[2018-02-17 02:35:40]    DEBUG --- The s3 config key is not a dictionary type, ignoring its value of: None(args.py:160)
[2018-02-17 02:35:40]    DEBUG --- Setting s3 timeout as (60, 60)(endpoint.py:131)
[2018-02-17 02:35:40]    DEBUG --- Loading JSON file: /usr/local/lib/python3.6/site-packages/botocore/data/_retry.json(loaders.py:174)
[2018-02-17 02:35:40]    DEBUG --- Registering retry handlers for service: s3(client.py:122)
[2018-02-17 02:35:40]    DEBUG --- Defaulting to S3 virtual host style addressing with path style addressing fallback.(client.py:189)
[2018-02-17 02:35:40]    DEBUG --- Event before-parameter-build.s3.CreateBucket: calling handler <function validate_bucket_name at 0x7fb6cc746158>(hooks.py:209)
[2018-02-17 02:35:40]    DEBUG --- Event before-parameter-build.s3.CreateBucket: calling handler <bound method S3RegionRedirector.redirect_from_cache of <botocore.utils.S3RegionRedirector object at 0x7fb6cb39a3c8>>(hooks.py:209)
[2018-02-17 02:35:40]    DEBUG --- Event before-parameter-build.s3.CreateBucket: calling handler <function generate_idempotent_uuid at 0x7fb6cc743d08>(hooks.py:209)
[2018-02-17 02:35:40]    DEBUG --- Event before-call.s3.CreateBucket: calling handler <function add_expect_header at 0x7fb6cc746620>(hooks.py:209)
[2018-02-17 02:35:40]    DEBUG --- Event before-call.s3.CreateBucket: calling handler <bound method S3RegionRedirector.set_request_url of <botocore.utils.S3RegionRedirector object at 0x7fb6cb39a3c8>>(hooks.py:209)
[2018-02-17 02:35:40]    DEBUG --- Making request for OperationModel(name=CreateBucket) (verify_ssl=True) with params: {'url_path': '/ads-part1-assign1', 'query_string': {}, 'method': 'PUT', 'headers': {'User-Agent': 'Boto3/1.5.30 Python/3.6.4 Linux/4.4.111-boot2docker Botocore/1.8.44'}, 'body': b'', 'url': 'https://s3.amazonaws.com/ads-part1-assign1', 'context': {'client_region': 'us-east-1', 'client_config': <botocore.config.Config object at 0x7fb6cb6b9278>, 'has_streaming_input': False, 'auth_type': None, 'signing': {'bucket': 'ads-part1-assign1'}}}(endpoint.py:142)
[2018-02-17 02:35:40]    DEBUG --- Event request-created.s3.CreateBucket: calling handler <bound method RequestSigner.handler of <botocore.signers.RequestSigner object at 0x7fb6cb6abe10>>(hooks.py:209)
[2018-02-17 02:35:40]    DEBUG --- Event choose-signer.s3.CreateBucket: calling handler <bound method ClientCreator._default_s3_presign_to_sigv2 of <botocore.client.ClientCreator object at 0x7fb6cb83bac8>>(hooks.py:209)
[2018-02-17 02:35:40]    DEBUG --- Event choose-signer.s3.CreateBucket: calling handler <function set_operation_specific_signer at 0x7fb6cc743bf8>(hooks.py:209)
[2018-02-17 02:35:40]    DEBUG --- Event before-sign.s3.CreateBucket: calling handler <function fix_s3_host at 0x7fb6cca97f28>(hooks.py:209)
[2018-02-17 02:35:40]    DEBUG --- Calculating signature using v4 auth.(auth.py:359)
[2018-02-17 02:35:40]    DEBUG --- CanonicalRequest:
PUT
/ads-part1-assign1

host:s3.amazonaws.com
x-amz-content-sha256:e3b0c44298fc1c149afbf4c8996fb92427ae41e4649b934ca495991b7852b855
x-amz-date:20180217T023540Z

host;x-amz-content-sha256;x-amz-date
e3b0c44298fc1c149afbf4c8996fb92427ae41e4649b934ca495991b7852b855(auth.py:360)
[2018-02-17 02:35:40]    DEBUG --- StringToSign:
AWS4-HMAC-SHA256
20180217T023540Z
20180217/us-east-1/s3/aws4_request
6b65c7613e44ad7a32febcdba3d6c4caa897e4d342bde73c426ab676081e00a5(auth.py:362)
[2018-02-17 02:35:40]    DEBUG --- Signature:
ff9b383d45a0b652d1636c769174f08ddaa97c15d7cc556e1cb31257072b0a26(auth.py:364)
[2018-02-17 02:35:40]    DEBUG --- Sending http request: <PreparedRequest [PUT]>(endpoint.py:202)
[2018-02-17 02:35:40]     INFO --- Starting new HTTPS connection (1): s3.amazonaws.com(connectionpool.py:735)
[2018-02-17 02:35:40]    DEBUG --- "PUT /ads-part1-assign1 HTTP/1.1" 200 0(connectionpool.py:383)
[2018-02-17 02:35:40]    DEBUG --- Response headers: {'x-amz-id-2': 'V/z2oeawAEErPfkCFJvEWBnqqDcoDw7/iWwpNECX3GCMbPAstytrJPQ6uoAxDcxo7qNa3EuCuuQ=', 'x-amz-request-id': 'C6964F7808870E5A', 'date': 'Sat, 17 Feb 2018 02:35:41 GMT', 'location': '/ads-part1-assign1', 'content-length': '0', 'server': 'AmazonS3'}(parsers.py:204)
[2018-02-17 02:35:40]    DEBUG --- Response body:
b''(parsers.py:205)
[2018-02-17 02:35:40]    DEBUG --- Event needs-retry.s3.CreateBucket: calling handler <botocore.retryhandler.RetryHandler object at 0x7fb6cb3dbba8>(hooks.py:209)
[2018-02-17 02:35:40]    DEBUG --- No retry needed.(retryhandler.py:187)
[2018-02-17 02:35:40]    DEBUG --- Event needs-retry.s3.CreateBucket: calling handler <bound method S3RegionRedirector.redirect_from_error of <botocore.utils.S3RegionRedirector object at 0x7fb6cb39a3c8>>(hooks.py:209)
[2018-02-17 02:35:40]     INFO --- connection successful(PART_1_FINAL.py:220)
[2018-02-17 02:35:40]    DEBUG --- Acquiring 0(utils.py:548)
[2018-02-17 02:35:40]    DEBUG --- UploadSubmissionTask(transfer_id=0, {'transfer_future': <s3transfer.futures.TransferFuture object at 0x7fb6cb3475c0>}) about to wait for the following futures [](tasks.py:194)
[2018-02-17 02:35:40]    DEBUG --- UploadSubmissionTask(transfer_id=0, {'transfer_future': <s3transfer.futures.TransferFuture object at 0x7fb6cb3475c0>}) done waiting for dependent futures(tasks.py:203)
[2018-02-17 02:35:40]    DEBUG --- Executing task UploadSubmissionTask(transfer_id=0, {'transfer_future': <s3transfer.futures.TransferFuture object at 0x7fb6cb3475c0>}) with kwargs {'client': <botocore.client.S3 object at 0x7fb6cb6abda0>, 'config': <boto3.s3.transfer.TransferConfig object at 0x7fb6cb39acc0>, 'osutil': <s3transfer.utils.OSUtils object at 0x7fb6cb39aa58>, 'request_executor': <s3transfer.futures.BoundedExecutor object at 0x7fb6cb39aa20>, 'transfer_future': <s3transfer.futures.TransferFuture object at 0x7fb6cb3475c0>}(tasks.py:147)
[2018-02-17 02:35:40]    DEBUG --- Submitting task PutObjectTask(transfer_id=0, {'bucket': 'ads-part1-assign1', 'key': 'Extracted_tables.zip', 'extra_args': {}}) to executor <s3transfer.futures.BoundedExecutor object at 0x7fb6cb39aa20> for transfer request: 0.(futures.py:286)
[2018-02-17 02:35:40]    DEBUG --- Acquiring 0(utils.py:548)
[2018-02-17 02:35:40]    DEBUG --- PutObjectTask(transfer_id=0, {'bucket': 'ads-part1-assign1', 'key': 'Extracted_tables.zip', 'extra_args': {}}) about to wait for the following futures [](tasks.py:194)
[2018-02-17 02:35:40]    DEBUG --- Releasing acquire 0/None(utils.py:561)
[2018-02-17 02:35:40]    DEBUG --- PutObjectTask(transfer_id=0, {'bucket': 'ads-part1-assign1', 'key': 'Extracted_tables.zip', 'extra_args': {}}) done waiting for dependent futures(tasks.py:203)
[2018-02-17 02:35:40]    DEBUG --- Executing task PutObjectTask(transfer_id=0, {'bucket': 'ads-part1-assign1', 'key': 'Extracted_tables.zip', 'extra_args': {}}) with kwargs {'client': <botocore.client.S3 object at 0x7fb6cb6abda0>, 'fileobj': <s3transfer.utils.ReadFileChunk object at 0x7fb6cb39a7b8>, 'bucket': 'ads-part1-assign1', 'key': 'Extracted_tables.zip', 'extra_args': {}}(tasks.py:147)
[2018-02-17 02:35:40]    DEBUG --- Event before-parameter-build.s3.PutObject: calling handler <function validate_ascii_metadata at 0x7fb6cc746d90>(hooks.py:209)
[2018-02-17 02:35:40]    DEBUG --- Event before-parameter-build.s3.PutObject: calling handler <function sse_md5 at 0x7fb6cc7461e0>(hooks.py:209)
[2018-02-17 02:35:40]    DEBUG --- Event before-parameter-build.s3.PutObject: calling handler <function convert_body_to_file_like_object at 0x7fb6cc748510>(hooks.py:209)
[2018-02-17 02:35:40]    DEBUG --- Event before-parameter-build.s3.PutObject: calling handler <function validate_bucket_name at 0x7fb6cc746158>(hooks.py:209)
[2018-02-17 02:35:40]    DEBUG --- Event before-parameter-build.s3.PutObject: calling handler <bound method S3RegionRedirector.redirect_from_cache of <botocore.utils.S3RegionRedirector object at 0x7fb6cb39a3c8>>(hooks.py:209)
[2018-02-17 02:35:40]    DEBUG --- Event before-parameter-build.s3.PutObject: calling handler <function generate_idempotent_uuid at 0x7fb6cc743d08>(hooks.py:209)
[2018-02-17 02:35:40]    DEBUG --- Event before-call.s3.PutObject: calling handler <function conditionally_calculate_md5 at 0x7fb6cc7460d0>(hooks.py:209)
[2018-02-17 02:35:40]    DEBUG --- Event before-call.s3.PutObject: calling handler <function add_expect_header at 0x7fb6cc746620>(hooks.py:209)
[2018-02-17 02:35:40]    DEBUG --- Adding expect 100 continue header to request.(handlers.py:332)
[2018-02-17 02:35:40]    DEBUG --- Event before-call.s3.PutObject: calling handler <bound method S3RegionRedirector.set_request_url of <botocore.utils.S3RegionRedirector object at 0x7fb6cb39a3c8>>(hooks.py:209)
[2018-02-17 02:35:40]    DEBUG --- Making request for OperationModel(name=PutObject) (verify_ssl=True) with params: {'url_path': '/ads-part1-assign1/Extracted_tables.zip', 'query_string': {}, 'method': 'PUT', 'headers': {'User-Agent': 'Boto3/1.5.30 Python/3.6.4 Linux/4.4.111-boot2docker Botocore/1.8.44', 'Content-MD5': 'gZVX7f9AW9VwnpYgLk9Ctg==', 'Expect': '100-continue'}, 'body': <s3transfer.utils.ReadFileChunk object at 0x7fb6cb39a7b8>, 'url': 'https://s3.amazonaws.com/ads-part1-assign1/Extracted_tables.zip', 'context': {'client_region': 'us-east-1', 'client_config': <botocore.config.Config object at 0x7fb6cb6b9278>, 'has_streaming_input': True, 'auth_type': None, 'signing': {'bucket': 'ads-part1-assign1'}}}(endpoint.py:142)
[2018-02-17 02:35:40]    DEBUG --- Event request-created.s3.PutObject: calling handler <function signal_not_transferring at 0x7fb6cb417a60>(hooks.py:209)
[2018-02-17 02:35:40]    DEBUG --- Event request-created.s3.PutObject: calling handler <bound method RequestSigner.handler of <botocore.signers.RequestSigner object at 0x7fb6cb6abe10>>(hooks.py:209)
[2018-02-17 02:35:40]    DEBUG --- Event choose-signer.s3.PutObject: calling handler <bound method ClientCreator._default_s3_presign_to_sigv2 of <botocore.client.ClientCreator object at 0x7fb6cb83bac8>>(hooks.py:209)
[2018-02-17 02:35:40]    DEBUG --- Event choose-signer.s3.PutObject: calling handler <function set_operation_specific_signer at 0x7fb6cc743bf8>(hooks.py:209)
[2018-02-17 02:35:40]    DEBUG --- Event before-sign.s3.PutObject: calling handler <function fix_s3_host at 0x7fb6cca97f28>(hooks.py:209)
[2018-02-17 02:35:40]    DEBUG --- Calculating signature using v4 auth.(auth.py:359)
[2018-02-17 02:35:40]    DEBUG --- CanonicalRequest:
PUT
/ads-part1-assign1/Extracted_tables.zip

content-md5:gZVX7f9AW9VwnpYgLk9Ctg==
host:s3.amazonaws.com
x-amz-content-sha256:UNSIGNED-PAYLOAD
x-amz-date:20180217T023540Z

content-md5;host;x-amz-content-sha256;x-amz-date
UNSIGNED-PAYLOAD(auth.py:360)
[2018-02-17 02:35:40]    DEBUG --- StringToSign:
AWS4-HMAC-SHA256
20180217T023540Z
20180217/us-east-1/s3/aws4_request
2e87e3d078c56a055efb97211638bab6b1b9a6d2c2083314a46677d978fa7c6e(auth.py:362)
[2018-02-17 02:35:40]    DEBUG --- Signature:
8e04c47205796ce6f41d9d519f25fd98372c8f78422cd8f7f9cdecd21f882b44(auth.py:364)
[2018-02-17 02:35:40]    DEBUG --- Event request-created.s3.PutObject: calling handler <function signal_transferring at 0x7fb6cb417ae8>(hooks.py:209)
[2018-02-17 02:35:40]    DEBUG --- Sending http request: <PreparedRequest [PUT]>(endpoint.py:202)
[2018-02-17 02:35:40]    DEBUG --- Waiting for 100 Continue response.(awsrequest.py:161)
[2018-02-17 02:35:41]    DEBUG --- 100 Continue response seen, now sending request body.(awsrequest.py:206)
[2018-02-17 02:35:41]    DEBUG --- "PUT /ads-part1-assign1/Extracted_tables.zip HTTP/1.1" 200 0(connectionpool.py:383)
[2018-02-17 02:35:41]    DEBUG --- Response headers: {'x-amz-id-2': '85Z+f4jerpB10uIaapfPaya+1wxwHIhNuVz3jQwIrW68n5HsVLo1msVjqGAh3k2xJjTZws2anRo=', 'x-amz-request-id': '871582251CF21D4A', 'date': 'Sat, 17 Feb 2018 02:35:41 GMT', 'etag': '"819557edff405bd5709e96202e4f42b6"', 'content-length': '0', 'server': 'AmazonS3'}(parsers.py:204)
[2018-02-17 02:35:41]    DEBUG --- Response body:
b''(parsers.py:205)
[2018-02-17 02:35:41]    DEBUG --- Event needs-retry.s3.PutObject: calling handler <botocore.retryhandler.RetryHandler object at 0x7fb6cb3dbba8>(hooks.py:209)
[2018-02-17 02:35:41]    DEBUG --- No retry needed.(retryhandler.py:187)
[2018-02-17 02:35:41]    DEBUG --- Event needs-retry.s3.PutObject: calling handler <bound method S3RegionRedirector.redirect_from_error of <botocore.utils.S3RegionRedirector object at 0x7fb6cb39a3c8>>(hooks.py:209)
[2018-02-17 02:35:41]    DEBUG --- Releasing acquire 0/None(utils.py:561)
[2018-02-17 02:35:41]    DEBUG --- Acquiring 0(utils.py:548)
[2018-02-17 02:35:41]    DEBUG --- UploadSubmissionTask(transfer_id=0, {'transfer_future': <s3transfer.futures.TransferFuture object at 0x7fb6cb347550>}) about to wait for the following futures [](tasks.py:194)
[2018-02-17 02:35:41]    DEBUG --- UploadSubmissionTask(transfer_id=0, {'transfer_future': <s3transfer.futures.TransferFuture object at 0x7fb6cb347550>}) done waiting for dependent futures(tasks.py:203)
[2018-02-17 02:35:41]    DEBUG --- Executing task UploadSubmissionTask(transfer_id=0, {'transfer_future': <s3transfer.futures.TransferFuture object at 0x7fb6cb347550>}) with kwargs {'client': <botocore.client.S3 object at 0x7fb6cb6abda0>, 'config': <boto3.s3.transfer.TransferConfig object at 0x7fb6cb39aba8>, 'osutil': <s3transfer.utils.OSUtils object at 0x7fb6cb39aa20>, 'request_executor': <s3transfer.futures.BoundedExecutor object at 0x7fb6cb39af60>, 'transfer_future': <s3transfer.futures.TransferFuture object at 0x7fb6cb347550>}(tasks.py:147)
